[2026-04-12T12:12:10Z] === ENRICH ITERATION 4 START | repo=vitest-dev/vitest sha=79bcd1aa ===
[2026-04-12T12:12:10Z] [iter=4] PHASE START: enrich repo=vitest-dev/vitest sha=79bcd1aa runlog=/home/runner/work/forx/forx/storage/aggregate/lsp/logs/79bcd1aa-enrich-iter-004.log output=/home/runner/work/forx/forx/storage/aggregate/lsp/79bcd1aa02151fe0a1761403de20077dfe3537b8.nq.gz
[2026-04-12T12:12:32Z] [iter=4] Step 1: Loading AST into disk-backed store mem_mb=81 MB
[2026-04-12T12:13:08Z] [iter=4] AST store loaded triples=3969816 load_secs=34 mem_mb=957 MB
[2026-04-12T12:13:08Z] [iter=4] Step 2: Finding LSP targets mem_mb=957 MB
[2026-04-12T12:13:13Z] [iter=4] LSP targets found call_sites=40762 imports=4522 extends=135 implements=31 secs=5
[2026-04-12T12:13:20Z] [iter=4] Loaded checkpoint partial graph triples=148022
[2026-04-12T12:13:23Z] [iter=4] Step 2.7: Building position index (one-shot, shared across resolvers) mem_mb=957 MB
[2026-04-12T12:13:47Z] [iter=4] Position index built positions=262895 nodes_with_types=314889 secs=24 mem_mb=1319 MB
[2026-04-12T12:13:47Z] [iter=4] Step 3: Starting LSP resolution mem_mb=1319 MB already_completed_types=[] already_completed_files=583
[2026-04-12T12:13:47Z] [iter=4] Resolving target type target_type=call_site count=40762
[2026-04-12T12:13:47Z] [iter=4] HEARTBEAT target_type=call_site elapsed_min=1.6 files_done=0 resolved=0 errors=0 current=packages/ui/client/main.ts
[2026-04-12T12:14:20Z] [iter=4] HEARTBEAT target_type=call_site elapsed_min=2.2 files_done=3 resolved=2 errors=19 current=test/config/fixtures/get-state/vitest.config.ts
[2026-04-12T12:14:56Z] [iter=4] HEARTBEAT target_type=call_site elapsed_min=2.8 files_done=5 resolved=2 errors=40 current=packages/web-worker/src/pure.ts
[2026-04-12T12:16:29Z] [iter=4] HEARTBEAT target_type=call_site elapsed_min=4.3 files_done=7 resolved=5 errors=99 current=packages/vitest/src/runtime/rpc.ts
[2026-04-12T12:17:20Z] [iter=4] HEARTBEAT target_type=call_site elapsed_min=5.2 files_done=9 resolved=8 errors=130 current=test/config/test/dangerously-ignore-unhandled-errors.test.ts
[2026-04-12T12:17:52Z] [iter=4] HEARTBEAT target_type=call_site elapsed_min=5.7 files_done=10 resolved=8 errors=150 current=test/watch/test/global-setup-rerun.test.ts
[2026-04-12T12:18:31Z] [iter=4] HEARTBEAT target_type=call_site elapsed_min=6.4 files_done=11 resolved=8 errors=174 current=test/cli/fixtures/fails/async-assertion.test.ts
[2026-04-12T12:19:54Z] [iter=4] HEARTBEAT target_type=call_site elapsed_min=7.7 files_done=15 resolved=8 errors=225 current=test/cli/fixtures/custom-pool/tests/custom-run.threads.spec.ts
[2026-04-12T12:20:27Z] [iter=4] HEARTBEAT target_type=call_site elapsed_min=8.3 files_done=19 resolved=8 errors=245 current=packages/browser/src/client/tester/expect/toBePartiallyChecked.ts
[2026-04-12T12:21:51Z] [iter=4] HEARTBEAT target_type=call_site elapsed_min=9.7 files_done=22 resolved=9 errors=297 current=packages/vitest/src/integrations/env/utils.ts
[2026-04-12T12:22:46Z] [iter=4] HEARTBEAT target_type=call_site elapsed_min=10.6 files_done=24 resolved=12 errors=331 current=test/core/test/child-specific.child_process.test.ts
[2026-04-12T12:23:49Z] [iter=4] HEARTBEAT target_type=call_site elapsed_min=11.7 files_done=26 resolved=13 errors=371 current=test/core/test/pattern.test.ts
[2026-04-12T12:24:31Z] [iter=4] HEARTBEAT target_type=call_site elapsed_min=12.4 files_done=28 resolved=19 errors=397 current=test/core/test/test-extend-with-top-level-hooks.test.ts
[2026-04-12T12:25:31Z] [iter=4] HEARTBEAT target_type=call_site elapsed_min=13.4 files_done=30 resolved=20 errors=435 current=test/watch/fixtures/single-failed/basic.test.ts
[2026-04-12T12:26:14Z] [iter=4] HEARTBEAT target_type=call_site elapsed_min=14.1 files_done=33 resolved=20 errors=462 current=test/reporters/fixtures/console.test.ts
[2026-04-12T12:29:17Z] [iter=4] HEARTBEAT target_type=call_site elapsed_min=17.1 files_done=36 resolved=39 errors=577 current=test/coverage-test/utils.ts
[2026-04-12T12:29:53Z] [iter=4] HEARTBEAT target_type=call_site elapsed_min=17.7 files_done=37 resolved=41 errors=600 current=test/cli/test/print-error.test.ts
[2026-04-12T12:30:45Z] [iter=4] HEARTBEAT target_type=call_site elapsed_min=18.6 files_done=39 resolved=41 errors=633 current=test/config/test/retry.test.ts
[2026-04-12T12:31:54Z] [iter=4] HEARTBEAT target_type=call_site elapsed_min=19.7 files_done=41 resolved=41 errors=676 current=test/config/fixtures/css/test/process-css.spec.ts
[2026-04-12T12:32:39Z] [iter=4] HEARTBEAT target_type=call_site elapsed_min=20.5 files_done=43 resolved=45 errors=704 current=packages/browser/src/node/middlewares/utils.ts
[2026-04-12T12:34:00Z] [iter=4] HEARTBEAT target_type=call_site elapsed_min=21.8 files_done=45 resolved=45 errors=755 current=test/browser/fixtures/expect-dom/toBeEmptyDOMElement.test.ts
[2026-04-12T12:35:56Z] [iter=4] HEARTBEAT target_type=call_site elapsed_min=23.8 files_done=46 resolved=45 errors=829 current=packages/browser/src/node/providers/webdriver.ts
[2026-04-12T12:36:41Z] [iter=4] HEARTBEAT target_type=call_site elapsed_min=24.5 files_done=47 resolved=45 errors=857 current=packages/vitest/src/runtime/setup-node.ts
[2026-04-12T12:37:30Z] [iter=4] HEARTBEAT target_type=call_site elapsed_min=25.3 files_done=50 resolved=47 errors=887 current=packages/vitest/src/node/reporters/github-actions.ts
[2026-04-12T12:38:15Z] [iter=4] HEARTBEAT target_type=call_site elapsed_min=26.1 files_done=51 resolved=53 errors=915 current=test/config/fixtures/diff/basic.test.ts
[2026-04-12T12:38:51Z] [iter=4] HEARTBEAT target_type=call_site elapsed_min=26.7 files_done=53 resolved=54 errors=938 current=packages/pretty-format/src/plugins/DOMCollection.ts
[2026-04-12T12:40:02Z] [iter=4] HEARTBEAT target_type=call_site elapsed_min=27.9 files_done=57 resolved=57 errors=982 current=test/config/test/config-types.test-d.ts
[2026-04-12T12:40:55Z] [iter=4] HEARTBEAT target_type=call_site elapsed_min=28.8 files_done=58 resolved=57 errors=1015 current=test/cli/test/forks-channel.test.ts
[2026-04-12T12:41:43Z] [iter=4] HEARTBEAT target_type=call_site elapsed_min=29.6 files_done=60 resolved=57 errors=1045 current=packages/vitest/src/node/viteLogger.ts
[2026-04-12T12:42:31Z] [iter=4] HEARTBEAT target_type=call_site elapsed_min=30.4 files_done=61 resolved=57 errors=1075 current=packages/ui/client/composables/client/static.ts
[2026-04-12T12:43:05Z] [iter=4] HEARTBEAT target_type=call_site elapsed_min=30.9 files_done=63 resolved=64 errors=1096 current=packages/runner/src/errors.ts
[2026-04-12T12:43:38Z] [iter=4] HEARTBEAT target_type=call_site elapsed_min=31.5 files_done=65 resolved=70 errors=1117 current=test/reporters/fixtures/merge-reports/first.test.ts
[2026-04-12T12:44:32Z] [iter=4] HEARTBEAT target_type=call_site elapsed_min=32.4 files_done=68 resolved=74 errors=1150 current=packages/vitest/src/runtime/runners/index.ts
[2026-04-12T12:45:24Z] [iter=4] HEARTBEAT target_type=call_site elapsed_min=33.2 files_done=69 resolved=76 errors=1183 current=test/core/test/mocking/self-importing.test.ts
[2026-04-12T12:46:05Z] [iter=4] HEARTBEAT target_type=call_site elapsed_min=33.9 files_done=71 resolved=84 errors=1208 current=packages/vitest/src/runtime/vm/file-map.ts
[2026-04-12T12:47:04Z] [iter=4] HEARTBEAT target_type=call_site elapsed_min=34.9 files_done=76 resolved=84 errors=1245 current=test/browser/specs/viewport.test.ts
[2026-04-12T12:47:36Z] [iter=4] HEARTBEAT target_type=call_site elapsed_min=35.4 files_done=79 resolved=86 errors=1264 current=test/core/test/unmock-import.test.ts
[2026-04-12T12:48:07Z] [iter=4] HEARTBEAT target_type=call_site elapsed_min=36.0 files_done=80 resolved=86 errors=1283 current=test/browser/fixtures/print-logs/test/dialog.test.ts
[2026-04-12T12:49:00Z] [iter=4] HEARTBEAT target_type=call_site elapsed_min=36.8 files_done=82 resolved=89 errors=1316 current=packages/browser/src/node/commands/upload.ts
[2026-04-12T12:49:30Z] [iter=4] HEARTBEAT target_type=call_site elapsed_min=37.3 files_done=85 resolved=90 errors=1334 current=test/core/src/circularB.ts
[2026-04-12T12:50:19Z] [iter=4] HEARTBEAT target_type=call_site elapsed_min=38.1 files_done=89 resolved=90 errors=1363 current=packages/runner/src/setup.ts
[2026-04-12T12:50:49Z] [iter=4] HEARTBEAT target_type=call_site elapsed_min=38.7 files_done=91 resolved=98 errors=1382 current=test/core/test/env.test.ts
[2026-04-12T12:52:31Z] [iter=4] HEARTBEAT target_type=call_site elapsed_min=40.4 files_done=92 resolved=98 errors=1447 current=packages/coverage-istanbul/src/index.ts
[2026-04-12T12:53:06Z] [iter=4] HEARTBEAT target_type=call_site elapsed_min=40.9 files_done=94 resolved=98 errors=1469 current=packages/snapshot/src/client.ts
[2026-04-12T12:53:44Z] [iter=4] HEARTBEAT target_type=call_site elapsed_min=41.6 files_done=95 resolved=101 errors=1493 current=docs/.vitepress/components.d.ts
[2026-04-12T12:54:17Z] [iter=4] HEARTBEAT target_type=call_site elapsed_min=42.1 files_done=97 resolved=101 errors=1513 current=test/core/test/lot-of-tests.test.ts
[2026-04-12T12:54:52Z] [iter=4] HEARTBEAT target_type=call_site elapsed_min=42.7 files_done=100 resolved=102 errors=1534 current=test/core/test/random.test.ts
[2026-04-12T12:55:29Z] [iter=4] HEARTBEAT target_type=call_site elapsed_min=43.3 files_done=101 resolved=102 errors=1558 current=test/browser/test/viewport.test.ts
[2026-04-12T12:56:10Z] [iter=4] HEARTBEAT target_type=call_site elapsed_min=44.0 files_done=103 resolved=103 errors=1583 current=test/browser/fixtures/expect-dom/utils.ts
[2026-04-12T12:56:49Z] [iter=4] HEARTBEAT target_type=call_site elapsed_min=44.6 files_done=106 resolved=107 errors=1607 current=test/core/test/resolve-file-url.test.ts
[2026-04-12T12:57:42Z] [iter=4] HEARTBEAT target_type=call_site elapsed_min=45.5 files_done=109 resolved=108 errors=1640 current=test/core/test/sourcemap.test.ts
[2026-04-12T12:58:21Z] [iter=4] HEARTBEAT target_type=call_site elapsed_min=46.2 files_done=111 resolved=111 errors=1664 current=test/browser/test/polyfill-lib.test.ts
[2026-04-12T12:59:03Z] [iter=4] HEARTBEAT target_type=call_site elapsed_min=46.9 files_done=114 resolved=111 errors=1690 current=test/core/src/mocks/example.ts
[2026-04-12T12:59:35Z] [iter=4] HEARTBEAT target_type=call_site elapsed_min=47.4 files_done=118 resolved=114 errors=1710 current=test/browser/fixtures/failing/failing.snaphot.test.ts
[2026-04-12T13:00:35Z] [iter=4] HEARTBEAT target_type=call_site elapsed_min=48.4 files_done=121 resolved=130 errors=1747 current=examples/lit/src/my-button.ts
[2026-04-12T13:02:14Z] [iter=4] HEARTBEAT target_type=call_site elapsed_min=50.1 files_done=125 resolved=130 errors=1809 current=test/core/test/basic.test.ts
[2026-04-12T13:03:16Z] [iter=4] HEARTBEAT target_type=call_site elapsed_min=51.1 files_done=126 resolved=135 errors=1848 current=test/coverage-test/fixtures/test/clean-on-rerun-fixture.test.ts
[2026-04-12T13:04:31Z] [iter=4] HEARTBEAT target_type=call_site elapsed_min=52.4 files_done=130 resolved=139 errors=1895 current=packages/vitest/src/runtime/benchmark.ts
[2026-04-12T13:05:33Z] [iter=4] HEARTBEAT target_type=call_site elapsed_min=53.4 files_done=133 resolved=151 errors=1934 current=test/cli/fixtures/stacktraces/add.test.ts
[2026-04-12T13:06:25Z] [iter=4] HEARTBEAT target_type=call_site elapsed_min=54.2 files_done=136 resolved=151 errors=1966 current=packages/pretty-format/src/plugins/ReactElement.ts
[2026-04-12T13:06:55Z] [iter=4] HEARTBEAT target_type=call_site elapsed_min=54.8 files_done=137 resolved=156 errors=1985 current=test/config/test/projects.test.ts
[2026-04-12T13:09:09Z] [iter=4] HEARTBEAT target_type=call_site elapsed_min=57.0 files_done=138 resolved=156 errors=2070 current=test/snapshots/test/custom-serializers.test.ts
[2026-04-12T13:09:44Z] [iter=4] HEARTBEAT target_type=call_site elapsed_min=57.6 files_done=141 resolved=158 errors=2091 current=packages/pretty-format/src/plugins/lib/markup.ts
[2026-04-12T13:10:22Z] [iter=4] HEARTBEAT target_type=call_site elapsed_min=58.2 files_done=143 resolved=158 errors=2115 current=test/cli/test/browser-multiple.test.ts
[2026-04-12T13:11:07Z] [iter=4] HEARTBEAT target_type=call_site elapsed_min=58.9 files_done=146 resolved=159 errors=2142 current=packages/browser/src/node/utils.ts
[2026-04-12T13:12:14Z] [iter=4] HEARTBEAT target_type=call_site elapsed_min=60.1 files_done=149 resolved=159 errors=2184 current=test/config/fixtures/workspace/api/basic.test.ts
[2026-04-12T13:13:30Z] [iter=4] HEARTBEAT target_type=call_site elapsed_min=61.3 files_done=151 resolved=159 errors=2232 current=packages/vitest/src/utils/graph.ts
[2026-04-12T13:14:00Z] [iter=4] HEARTBEAT target_type=call_site elapsed_min=61.8 files_done=153 resolved=164 errors=2251 current=examples/lit/vite.config.ts
[2026-04-12T13:14:42Z] [iter=4] HEARTBEAT target_type=call_site elapsed_min=62.5 files_done=155 resolved=164 errors=2277 current=test/core/test/mocked-no-mocks-same.test.ts
[2026-04-12T13:15:27Z] [iter=4] HEARTBEAT target_type=call_site elapsed_min=63.3 files_done=158 resolved=168 errors=2305 current=packages/utils/src/diff/joinAlignedDiffs.ts
[2026-04-12T13:16:19Z] [iter=4] HEARTBEAT target_type=call_site elapsed_min=64.1 files_done=159 resolved=168 errors=2338 current=packages/utils/src/diff/printDiffs.ts
[2026-04-12T13:16:53Z] [iter=4] HEARTBEAT target_type=call_site elapsed_min=64.7 files_done=162 resolved=172 errors=2359 current=test/snapshots/test/fixtures/inline-multiple-calls/same2.test.ts
[2026-04-12T13:17:31Z] [iter=4] HEARTBEAT target_type=call_site elapsed_min=65.4 files_done=166 resolved=172 errors=2382 current=test/snapshots/test/fixtures/skip-test/repro.test.ts
[2026-04-12T13:18:06Z] [iter=4] HEARTBEAT target_type=call_site elapsed_min=65.9 files_done=169 resolved=172 errors=2404 current=packages/vitest/src/node/cache/index.ts
[2026-04-12T13:18:38Z] [iter=4] HEARTBEAT target_type=call_site elapsed_min=66.5 files_done=173 resolved=174 errors=2423 current=test/core/test/fixture-concurrent-beforeEach.test.ts
[2026-04-12T13:19:47Z] [iter=4] HEARTBEAT target_type=call_site elapsed_min=67.6 files_done=175 resolved=175 errors=2467 current=test/cli/fixtures/custom-runner/vitest.config.ts
[2026-04-12T13:20:26Z] [iter=4] HEARTBEAT target_type=call_site elapsed_min=68.3 files_done=179 resolved=178 errors=2490 current=test/cli/test/create-vitest.test.ts
[2026-04-12T13:21:16Z] [iter=4] HEARTBEAT target_type=call_site elapsed_min=69.1 files_done=184 resolved=178 errors=2521 current=packages/mocker/src/browser/interceptor-native.ts
[2026-04-12T13:22:10Z] [iter=4] HEARTBEAT target_type=call_site elapsed_min=70.0 files_done=188 resolved=178 errors=2554 current=test/coverage-test/test/threshold-failure.test.ts
[2026-04-12T13:22:51Z] [iter=4] HEARTBEAT target_type=call_site elapsed_min=70.7 files_done=189 resolved=178 errors=2580 current=test/config/fixtures/get-state/b.test.ts
[2026-04-12T13:23:32Z] [iter=4] HEARTBEAT target_type=call_site elapsed_min=71.4 files_done=192 resolved=180 errors=2606 current=test/snapshots/test/fixtures/custom-snapshot-environment/test/snapshots.test.ts
[2026-04-12T13:24:08Z] [iter=4] HEARTBEAT target_type=call_site elapsed_min=72.0 files_done=194 resolved=180 errors=2628 current=test/cli/fixtures/list/basic.test.ts
[2026-04-12T13:25:03Z] [iter=4] HEARTBEAT target_type=call_site elapsed_min=72.9 files_done=196 resolved=180 errors=2662 current=test/coverage-test/fixtures/test/multi-environment-fixture-web.test.ts
[2026-04-12T13:25:38Z] [iter=4] HEARTBEAT target_type=call_site elapsed_min=73.5 files_done=198 resolved=181 errors=2684 current=test/coverage-test/test/setup-files.test.ts
[2026-04-12T13:26:17Z] [iter=4] HEARTBEAT target_type=call_site elapsed_min=74.1 files_done=200 resolved=181 errors=2708 current=packages/vitest/src/node/reporters/renderers/indented-logger.ts
[2026-04-12T13:26:54Z] [iter=4] HEARTBEAT target_type=call_site elapsed_min=74.7 files_done=203 resolved=182 errors=2731 current=test/config/test/diff.test.ts
[2026-04-12T13:27:45Z] [iter=4] HEARTBEAT target_type=call_site elapsed_min=75.6 files_done=207 resolved=182 errors=2763 current=test/config/test/get-state.test.ts
[2026-04-12T13:28:17Z] [iter=4] HEARTBEAT target_type=call_site elapsed_min=76.1 files_done=210 resolved=182 errors=2782 current=test/reporters/without-custom-reporter.vitest.config.ts
[2026-04-12T13:28:47Z] [iter=4] HEARTBEAT target_type=call_site elapsed_min=76.6 files_done=216 resolved=183 errors=2800 current=test/config/fixtures/workspace/negated/packages/c/test.test.ts
[2026-04-12T13:29:38Z] [iter=4] HEARTBEAT target_type=call_site elapsed_min=77.5 files_done=220 resolved=183 errors=2831 current=test/core/test/mocking/tinyspy.test.ts
[2026-04-12T13:30:32Z] [iter=4] HEARTBEAT target_type=call_site elapsed_min=78.4 files_done=223 resolved=188 errors=2865 current=packages/browser/src/node/commands/dragAndDrop.ts
[2026-04-12T13:31:04Z] [iter=4] HEARTBEAT target_type=call_site elapsed_min=78.9 files_done=226 resolved=189 errors=2884 current=test/coverage-test/test/on-failure.test.ts
[2026-04-12T13:31:39Z] [iter=4] HEARTBEAT target_type=call_site elapsed_min=79.5 files_done=227 resolved=189 errors=2906 current=packages/vitest/src/integrations/css/css-modules.ts
[2026-04-12T13:32:09Z] [iter=4] HEARTBEAT target_type=call_site elapsed_min=80.0 files_done=231 resolved=189 errors=2924 current=test/coverage-test/test/custom-reporter.test.ts
[2026-04-12T13:33:26Z] [iter=4] HEARTBEAT target_type=call_site elapsed_min=81.3 files_done=234 resolved=193 errors=2972 current=test/coverage-test/fixtures/test/file-to-change.test.ts
[2026-04-12T13:33:56Z] [iter=4] HEARTBEAT target_type=call_site elapsed_min=81.8 files_done=239 resolved=194 errors=2990 current=test/typescript/test-d/nested-suite1.test-d.ts
[2026-04-12T13:34:27Z] [iter=4] HEARTBEAT target_type=call_site elapsed_min=82.3 files_done=243 resolved=194 errors=3009 current=test/config/fixtures/get-state/c.test.ts
[2026-04-12T13:35:23Z] [iter=4] HEARTBEAT target_type=call_site elapsed_min=83.2 files_done=247 resolved=194 errors=3043 current=packages/vitest/src/defaults.ts
[2026-04-12T13:36:01Z] [iter=4] HEARTBEAT target_type=call_site elapsed_min=83.9 files_done=250 resolved=197 errors=3067 current=test/reporters/src/custom-reporter.ts
[2026-04-12T13:36:42Z] [iter=4] HEARTBEAT target_type=call_site elapsed_min=84.5 files_done=252 resolved=198 errors=3092 current=test/browser/fixtures/mocking-watch/1_mocked-on-watch-change.test.ts
[2026-04-12T13:37:45Z] [iter=4] HEARTBEAT target_type=call_site elapsed_min=85.6 files_done=255 resolved=198 errors=3131 current=test/core/test/retry-only.test.ts
[2026-04-12T13:38:47Z] [iter=4] HEARTBEAT target_type=call_site elapsed_min=86.6 files_done=258 resolved=198 errors=3170 current=packages/vitest/src/typecheck/utils.ts
[2026-04-12T13:39:38Z] [iter=4] HEARTBEAT target_type=call_site elapsed_min=87.5 files_done=263 resolved=199 errors=3201 current=test/core/test/mocking/cyclic-import-original.spec.ts
[2026-04-12T13:40:27Z] [iter=4] HEARTBEAT target_type=call_site elapsed_min=88.3 files_done=266 resolved=200 errors=3232 current=test/core/src/exec.ts
[2026-04-12T13:41:08Z] [iter=4] HEARTBEAT target_type=call_site elapsed_min=89.0 files_done=269 resolved=201 errors=3257 current=test/reporters/fixtures/repeats.test.ts
[2026-04-12T13:41:39Z] [iter=4] HEARTBEAT target_type=call_site elapsed_min=89.5 files_done=273 resolved=202 errors=3276 current=test/core/test/dual-package-hazard.test.ts
[2026-04-12T13:42:26Z] [iter=4] HEARTBEAT target_type=call_site elapsed_min=90.3 files_done=275 resolved=202 errors=3305 current=test/browser/fixtures/setup-file/module-equality.test.ts
[2026-04-12T13:43:00Z] [iter=4] HEARTBEAT target_type=call_site elapsed_min=90.8 files_done=278 resolved=203 errors=3326 current=test/core/test/web-worker-mock.test.ts
[2026-04-12T13:43:33Z] [iter=4] HEARTBEAT target_type=call_site elapsed_min=91.4 files_done=282 resolved=203 errors=3346 current=test/config/fixtures/mixed-environments/project/test/happy-dom.test.ts
[2026-04-12T13:44:18Z] [iter=4] HEARTBEAT target_type=call_site elapsed_min=92.1 files_done=287 resolved=204 errors=3373 current=test/reporters/fixtures/better-testsuite-name/space-1/test/base.test.ts
[2026-04-12T13:45:00Z] [iter=4] HEARTBEAT target_type=call_site elapsed_min=92.8 files_done=290 resolved=204 errors=3399 current=test/reporters/fixtures/json-fail.test.ts
[2026-04-12T13:45:31Z] [iter=4] HEARTBEAT target_type=call_site elapsed_min=93.3 files_done=292 resolved=205 errors=3418 current=test/core/test/url-web.test.ts
[2026-04-12T13:46:11Z] [iter=4] HEARTBEAT target_type=call_site elapsed_min=94.0 files_done=296 resolved=205 errors=3442 current=test/vite-node/src/circular2/c.ts
[2026-04-12T13:46:55Z] [iter=4] HEARTBEAT target_type=call_site elapsed_min=94.8 files_done=299 resolved=205 errors=3470 current=test/cli/fixtures/create-vitest/basic.test.ts
[2026-04-12T13:47:38Z] [iter=4] HEARTBEAT target_type=call_site elapsed_min=95.5 files_done=304 resolved=206 errors=3496 current=packages/utils/src/offset.ts
[2026-04-12T13:48:44Z] [iter=4] HEARTBEAT target_type=call_site elapsed_min=96.6 files_done=308 resolved=206 errors=3538 current=test/browser/fixtures/mocking/src/mocks_calculator.ts
[2026-04-12T13:49:37Z] [iter=4] HEARTBEAT target_type=call_site elapsed_min=97.5 files_done=313 resolved=206 errors=3570 current=test/cli/fixtures/list/describe-error.test.ts
[2026-04-12T13:50:10Z] [iter=4] HEARTBEAT target_type=call_site elapsed_min=98.0 files_done=316 resolved=206 errors=3591 current=packages/pretty-format/src/plugins/AsymmetricMatcher.ts
[2026-04-12T13:50:40Z] [iter=4] HEARTBEAT target_type=call_site elapsed_min=98.5 files_done=318 resolved=207 errors=3610 current=test/core/test/node-protocol-jsdom.spec.ts
[2026-04-12T13:51:19Z] [iter=4] HEARTBEAT target_type=call_site elapsed_min=99.2 files_done=320 resolved=207 errors=3634 current=test/snapshots/test/fixtures/inline-multiple-calls/different.test.ts
[2026-04-12T13:51:54Z] [iter=4] HEARTBEAT target_type=call_site elapsed_min=99.7 files_done=322 resolved=207 errors=3656 current=packages/vitest/src/runtime/utils.ts
[2026-04-12T13:52:25Z] [iter=4] HEARTBEAT target_type=call_site elapsed_min=100.2 files_done=325 resolved=209 errors=3675 current=test/workspaces-browser/globalTest.ts
[2026-04-12T13:53:10Z] [iter=4] HEARTBEAT target_type=call_site elapsed_min=101.0 files_done=331 resolved=213 errors=3702 current=test/core/src/mocks/retry-dynamic-import.ts
[2026-04-12T13:53:58Z] [iter=4] HEARTBEAT target_type=call_site elapsed_min=101.8 files_done=335 resolved=213 errors=3731 current=test/browser/fixtures/timeout/timeout.test.ts
[2026-04-12T13:54:37Z] [iter=4] HEARTBEAT target_type=call_site elapsed_min=102.5 files_done=337 resolved=217 errors=3756 current=test/coverage-test/test/shard.test.ts
[2026-04-12T13:55:12Z] [iter=4] HEARTBEAT target_type=call_site elapsed_min=103.0 files_done=340 resolved=217 errors=3777 current=test/coverage-test/test/import-attributes.test.ts
[2026-04-12T13:55:43Z] [iter=4] HEARTBEAT target_type=call_site elapsed_min=103.5 files_done=343 resolved=217 errors=3796 current=test/config/fixtures/workspace/negated/vitest.config.ts
[2026-04-12T13:56:20Z] [iter=4] HEARTBEAT target_type=call_site elapsed_min=104.2 files_done=346 resolved=219 errors=3820 current=test/config/fixtures/exclude/string.ts
[2026-04-12T13:57:09Z] [iter=4] HEARTBEAT target_type=call_site elapsed_min=105.0 files_done=351 resolved=219 errors=3850 current=test/typescript/fixtures/source-error/test/ok.test-d.ts
[2026-04-12T13:57:55Z] [iter=4] HEARTBEAT target_type=call_site elapsed_min=105.7 files_done=354 resolved=219 errors=3878 current=test/global-setup/setupFiles/add-something-to-global.ts
[2026-04-12T13:58:27Z] [iter=4] HEARTBEAT target_type=call_site elapsed_min=106.3 files_done=358 resolved=225 errors=3897 current=test/cli/fixtures/tty/vitest.config.ts
[2026-04-12T13:59:11Z] [iter=4] HEARTBEAT target_type=call_site elapsed_min=107.0 files_done=364 resolved=225 errors=3924 current=test/snapshots/test/fixtures/test-update/retry-inline.test.ts
[2026-04-12T13:59:59Z] [iter=4] HEARTBEAT target_type=call_site elapsed_min=107.8 files_done=368 resolved=225 errors=3953 current=packages/browser/src/client/tester/expect/toBeInTheDocument.ts
[2026-04-12T14:00:42Z] [iter=4] HEARTBEAT target_type=call_site elapsed_min=108.5 files_done=370 resolved=225 errors=3980 current=packages/ui/client/composables/codemirror.ts
[2026-04-12T14:01:16Z] [iter=4] HEARTBEAT target_type=call_site elapsed_min=109.1 files_done=372 resolved=225 errors=4000 current=test/coverage-test/vitest.config.ts
[2026-04-12T14:01:47Z] [iter=4] HEARTBEAT target_type=call_site elapsed_min=109.6 files_done=376 resolved=227 errors=4019 current=packages/browser/src/client/tester/mocker-interceptor.ts
[2026-04-12T14:02:19Z] [iter=4] HEARTBEAT target_type=call_site elapsed_min=110.2 files_done=380 resolved=227 errors=4038 current=packages/browser/src/node/commands/clear.ts
[2026-04-12T14:03:06Z] [iter=4] HEARTBEAT target_type=call_site elapsed_min=110.9 files_done=384 resolved=227 errors=4066 current=test/config/fixtures/mixed-environments/project/test/node.test.ts
[2026-04-12T14:03:56Z] [iter=4] HEARTBEAT target_type=call_site elapsed_min=111.8 files_done=388 resolved=227 errors=4096 current=packages/browser/src/client/tester/expect-element.ts
[2026-04-12T14:04:31Z] [iter=4] HEARTBEAT target_type=call_site elapsed_min=112.3 files_done=391 resolved=230 errors=4117 current=test/core/test/chainable.test.ts
[2026-04-12T14:05:05Z] [iter=4] HEARTBEAT target_type=call_site elapsed_min=112.9 files_done=392 resolved=230 errors=4138 current=test/workspaces-browser/space_browser_inline/test/basic.test.ts
[2026-04-12T14:05:39Z] [iter=4] HEARTBEAT target_type=call_site elapsed_min=113.5 files_done=396 resolved=230 errors=4159 current=test/coverage-test/fixtures/test/web-worker.test.ts
[2026-04-12T14:06:22Z] [iter=4] HEARTBEAT target_type=call_site elapsed_min=114.2 files_done=403 resolved=233 errors=4184 current=test/workspaces/space-multi-transform/test/project-1.test.ts
[2026-04-12T14:06:54Z] [iter=4] HEARTBEAT target_type=call_site elapsed_min=114.7 files_done=406 resolved=234 errors=4203 current=test/vite-node/test/circular.test.ts
[2026-04-12T14:07:38Z] [iter=4] HEARTBEAT target_type=call_site elapsed_min=115.5 files_done=408 resolved=234 errors=4230 current=test/core/test/env-runtime.test.ts
[2026-04-12T14:08:28Z] [iter=4] HEARTBEAT target_type=call_site elapsed_min=116.3 files_done=412 resolved=234 errors=4260 current=test/config/fixtures/workers-option/example.test.ts
[2026-04-12T14:09:23Z] [iter=4] HEARTBEAT target_type=call_site elapsed_min=117.2 files_done=414 resolved=234 errors=4294 current=test/config/fixtures/filters/test/dont-run-this.test.ts
[2026-04-12T14:10:08Z] [iter=4] HEARTBEAT target_type=call_site elapsed_min=118.0 files_done=422 resolved=236 errors=4320 current=test/snapshots/test-update/retry-inline.test.ts
[2026-04-12T14:10:54Z] [iter=4] HEARTBEAT target_type=call_site elapsed_min=118.7 files_done=425 resolved=236 errors=4348 current=test/core/test/dynamic-import.test.ts
[2026-04-12T14:11:28Z] [iter=4] HEARTBEAT target_type=call_site elapsed_min=119.3 files_done=428 resolved=236 errors=4368 current=test/global-setup/globalSetup/server.ts
[2026-04-12T14:12:23Z] [iter=4] HEARTBEAT target_type=call_site elapsed_min=120.2 files_done=432 resolved=236 errors=4401 current=packages/vitest/src/integrations/env/happy-dom.ts
[2026-04-12T14:13:34Z] [iter=4] HEARTBEAT target_type=call_site elapsed_min=121.4 files_done=437 resolved=236 errors=4444 current=test/coverage-test/fixtures/configs/vitest.config.multi-transform.ts
[2026-04-12T14:14:14Z] [iter=4] HEARTBEAT target_type=call_site elapsed_min=122.1 files_done=440 resolved=238 errors=4469 current=test/coverage-test/test/import-meta-env.test.ts
[2026-04-12T14:14:46Z] [iter=4] HEARTBEAT target_type=call_site elapsed_min=122.6 files_done=443 resolved=238 errors=4488 current=test/config/fixtures/filters-slash/test/basic/a.test.ts
[2026-04-12T14:15:17Z] [iter=4] HEARTBEAT target_type=call_site elapsed_min=123.1 files_done=450 resolved=240 errors=4506 current=test/cli/fixtures/fails/expect-unreachable.test.ts
[2026-04-12T14:15:54Z] [iter=4] HEARTBEAT target_type=call_site elapsed_min=123.7 files_done=456 resolved=242 errors=4528 current=packages/browser/src/node/commands/hover.ts
[2026-04-12T14:16:29Z] [iter=4] HEARTBEAT target_type=call_site elapsed_min=124.3 files_done=461 resolved=248 errors=4549 current=test/config/fixtures/allowed-exec-args-fixtures/allowed-exec-argv.test.ts
[2026-04-12T14:17:11Z] [iter=4] HEARTBEAT target_type=call_site elapsed_min=125.0 files_done=466 resolved=253 errors=4574 current=test/typescript/test-d/nested-suite2.test-d.ts
[2026-04-12T14:17:47Z] [iter=4] HEARTBEAT target_type=call_site elapsed_min=125.6 files_done=471 resolved=254 errors=4595 current=test/reporters/src/context.ts
[2026-04-12T14:18:23Z] [iter=4] HEARTBEAT target_type=call_site elapsed_min=126.2 files_done=479 resolved=256 errors=4616 current=test/config/fixtures/workspace/project-2/calculator-2.test.ts
[2026-04-12T14:19:01Z] [iter=4] HEARTBEAT target_type=call_site elapsed_min=126.8 files_done=486 resolved=258 errors=4638 current=test/core/vitest-environment-custom/index.ts
[2026-04-12T14:19:32Z] [iter=4] HEARTBEAT target_type=call_site elapsed_min=127.4 files_done=490 resolved=258 errors=4657 current=test/core/test/mocked-no-mocks.test.ts
[2026-04-12T14:20:07Z] [iter=4] HEARTBEAT target_type=call_site elapsed_min=128.0 files_done=492 resolved=258 errors=4679 current=test/reporters/fixtures/ok.test.ts
[2026-04-12T14:20:44Z] [iter=4] HEARTBEAT target_type=call_site elapsed_min=128.6 files_done=497 resolved=258 errors=4700 current=test/config/fixtures/workspace/project-1/calculator-1.test.ts
[2026-04-12T14:21:11Z] [iter=4] CHECKPOINT TRIGGERED elapsed_min=129.0 files_completed=1083 new_files_this_iter=500 mem_mb=1368 MB
[2026-04-12T14:21:11Z] [iter=4] Writing partial enrichment graph path=/home/runner/work/forx/forx/storage/aggregate/lsp/79bcd1aa02151fe0a1761403de20077dfe3537b8.nq.gz triples=171869
[2026-04-12T14:21:15Z] [iter=4] Checkpoint written, exiting with code 7
[2026-04-12T14:21:15Z] [iter=4] PHASE END: enrich (checkpointed) elapsed_s=7741 elapsed_min=129.0 files_completed=1083
