[2026-04-11T23:49:08Z] === ENRICH ITERATION 1 START | repo=vitest-dev/vitest sha=79bcd1aa ===
[2026-04-11T23:49:08Z] [iter=1] PHASE START: enrich repo=vitest-dev/vitest sha=79bcd1aa runlog=/home/runner/work/forx/forx/storage/aggregate/lsp/logs/79bcd1aa-enrich-iter-001.log output=/home/runner/work/forx/forx/storage/aggregate/lsp/79bcd1aa02151fe0a1761403de20077dfe3537b8.nq.gz
[2026-04-11T23:49:31Z] [iter=1] Step 1: Loading AST into disk-backed store mem_mb=81 MB
[2026-04-11T23:50:05Z] [iter=1] AST store loaded triples=3969816 load_secs=32 mem_mb=995 MB
[2026-04-11T23:50:05Z] [iter=1] Step 2: Finding LSP targets mem_mb=995 MB
[2026-04-11T23:50:10Z] [iter=1] LSP targets found call_sites=40762 imports=4522 extends=135 implements=31 secs=5
[2026-04-11T23:50:14Z] [iter=1] Step 2.7: Building position index (one-shot, shared across resolvers) mem_mb=995 MB
[2026-04-11T23:50:38Z] [iter=1] Position index built positions=262895 nodes_with_types=314889 secs=24 mem_mb=996 MB
[2026-04-11T23:50:38Z] [iter=1] Step 3: Starting LSP resolution mem_mb=996 MB already_completed_types=[] already_completed_files=0
[2026-04-11T23:50:38Z] [iter=1] Resolving target type target_type=call_site count=40762
[2026-04-11T23:50:38Z] [iter=1] HEARTBEAT target_type=call_site elapsed_min=1.5 files_done=0 resolved=0 errors=0 current=test/vite-node/test/self-export.test.ts
[2026-04-11T23:53:46Z] [iter=1] HEARTBEAT target_type=call_site elapsed_min=4.6 files_done=2 resolved=3 errors=120 current=packages/vitest/src/node/core.ts
[2026-04-12T00:01:16Z] [iter=1] HEARTBEAT target_type=call_site elapsed_min=12.1 files_done=3 resolved=25 errors=411 current=test/core/test/jest-mock.test.ts
[2026-04-12T00:16:33Z] [iter=1] HEARTBEAT target_type=call_site elapsed_min=27.4 files_done=4 resolved=31 errors=1005 current=test/snapshots/test/inline-multiple-calls.test.ts
[2026-04-12T00:20:27Z] [iter=1] HEARTBEAT target_type=call_site elapsed_min=31.3 files_done=5 resolved=31 errors=1157 current=packages/vitest/src/node/test-run.ts
[2026-04-12T00:22:29Z] [iter=1] HEARTBEAT target_type=call_site elapsed_min=33.3 files_done=6 resolved=34 errors=1236 current=test/core/test/expect.test-d.ts
[2026-04-12T00:24:59Z] [iter=1] HEARTBEAT target_type=call_site elapsed_min=35.9 files_done=7 resolved=34 errors=1333 current=test/browser/test/commands.test.ts
[2026-04-12T00:25:42Z] [iter=1] HEARTBEAT target_type=call_site elapsed_min=36.6 files_done=8 resolved=34 errors=1360 current=packages/vitest/src/integrations/wait.ts
[2026-04-12T00:26:37Z] [iter=1] HEARTBEAT target_type=call_site elapsed_min=37.5 files_done=9 resolved=34 errors=1395 current=test/core/test/file-path.test.ts
[2026-04-12T00:30:14Z] [iter=1] HEARTBEAT target_type=call_site elapsed_min=41.1 files_done=10 resolved=34 errors=1535 current=test/config/fixtures/pool-isolation/non-isolated.test.ts
[2026-04-12T00:31:41Z] [iter=1] HEARTBEAT target_type=call_site elapsed_min=42.5 files_done=12 resolved=37 errors=1591 current=test/core/test/fixtures/timers.suite.ts
[2026-04-12T00:52:08Z] [iter=1] HEARTBEAT target_type=call_site elapsed_min=63.0 files_done=13 resolved=38 errors=2387 current=test/reporters/tests/junit.test.ts
[2026-04-12T00:54:30Z] [iter=1] HEARTBEAT target_type=call_site elapsed_min=65.4 files_done=14 resolved=39 errors=2478 current=test/core/test/happy-dom.test.ts
[2026-04-12T00:57:35Z] [iter=1] HEARTBEAT target_type=call_site elapsed_min=68.5 files_done=15 resolved=42 errors=2597 current=test/core/test/define-web.test.ts
[2026-04-12T00:58:45Z] [iter=1] HEARTBEAT target_type=call_site elapsed_min=69.6 files_done=16 resolved=42 errors=2642 current=packages/vitest/src/integrations/env/node.ts
[2026-04-12T00:59:35Z] [iter=1] HEARTBEAT target_type=call_site elapsed_min=70.4 files_done=19 resolved=60 errors=2673 current=packages/browser/src/node/providers/playwright.ts
[2026-04-12T01:03:18Z] [iter=1] HEARTBEAT target_type=call_site elapsed_min=74.2 files_done=20 resolved=68 errors=2817 current=packages/browser/src/node/pool.ts
[2026-04-12T01:05:50Z] [iter=1] HEARTBEAT target_type=call_site elapsed_min=76.7 files_done=21 resolved=77 errors=2915 current=packages/vitest/src/node/reporters/utils.ts
[2026-04-12T01:06:29Z] [iter=1] HEARTBEAT target_type=call_site elapsed_min=77.4 files_done=23 resolved=80 errors=2940 current=test/browser/specs/runner.test.ts
[2026-04-12T01:12:11Z] [iter=1] HEARTBEAT target_type=call_site elapsed_min=83.1 files_done=24 resolved=82 errors=3161 current=test/config/test/browser-configs.test.ts
[2026-04-12T01:14:51Z] [iter=1] HEARTBEAT target_type=call_site elapsed_min=85.7 files_done=25 resolved=89 errors=3264 current=test/core/test/jest-expect.test.ts
[2026-04-12T01:51:15Z] [iter=1] HEARTBEAT target_type=call_site elapsed_min=122.1 files_done=26 resolved=147 errors=4675 current=test/reporters/tests/test-run.test.ts
[2026-04-12T01:58:22Z] [iter=1] HEARTBEAT target_type=call_site elapsed_min=129.2 files_done=27 resolved=148 errors=4952 current=packages/vitest/src/node/coverage.ts
[2026-04-12T02:01:25Z] [iter=1] HEARTBEAT target_type=call_site elapsed_min=132.3 files_done=28 resolved=161 errors=5071 current=test/core/test/threads-specific.threads.test.ts
[2026-04-12T02:02:54Z] [iter=1] HEARTBEAT target_type=call_site elapsed_min=133.8 files_done=30 resolved=161 errors=5128 current=examples/fastify/test/app.test.ts
[2026-04-12T02:03:38Z] [iter=1] HEARTBEAT target_type=call_site elapsed_min=134.5 files_done=31 resolved=165 errors=5156 current=test/core/test/test-extend.test.ts
[2026-04-12T02:13:27Z] [iter=1] HEARTBEAT target_type=call_site elapsed_min=144.3 files_done=32 resolved=165 errors=5538 current=test/browser/fixtures/expect-dom/toBeVisible.test.ts
[2026-04-12T02:20:33Z] [iter=1] HEARTBEAT target_type=call_site elapsed_min=151.4 files_done=33 resolved=166 errors=5812 current=test/ui/test/ui.spec.ts
[2026-04-12T02:28:42Z] [iter=1] HEARTBEAT target_type=call_site elapsed_min=159.6 files_done=34 resolved=167 errors=6129 current=packages/expect/src/jest-expect.ts
[2026-04-12T02:35:56Z] [iter=1] HEARTBEAT target_type=call_site elapsed_min=166.8 files_done=35 resolved=181 errors=6410 current=packages/runner/src/suite.ts
[2026-04-12T02:39:43Z] [iter=1] HEARTBEAT target_type=call_site elapsed_min=170.6 files_done=36 resolved=195 errors=6557 current=examples/profiling/src/prime-number.ts
[2026-04-12T02:40:14Z] [iter=1] HEARTBEAT target_type=call_site elapsed_min=171.1 files_done=38 resolved=199 errors=6576 current=packages/vitest/src/node/sequencers/BaseSequencer.ts
[2026-04-12T02:44:41Z] [iter=1] HEARTBEAT target_type=call_site elapsed_min=175.5 files_done=40 resolved=215 errors=6749 current=test/core/test/skip.test.ts
[2026-04-12T02:45:21Z] [iter=1] HEARTBEAT target_type=call_site elapsed_min=176.2 files_done=41 resolved=215 errors=6775 current=packages/vitest/src/node/cli/filter.ts
[2026-04-12T02:46:41Z] [iter=1] HEARTBEAT target_type=call_site elapsed_min=177.6 files_done=43 resolved=222 errors=6827 current=test/core/test/module.test.ts
[2026-04-12T02:49:23Z] [iter=1] HEARTBEAT target_type=call_site elapsed_min=180.3 files_done=44 resolved=224 errors=6931 current=test/core/test/test-options.test.ts
[2026-04-12T02:50:00Z] [iter=1] HEARTBEAT target_type=call_site elapsed_min=180.9 files_done=45 resolved=224 errors=6955 current=test/config/test/bail.test.ts
[2026-04-12T02:50:53Z] [iter=1] HEARTBEAT target_type=call_site elapsed_min=181.8 files_done=46 resolved=225 errors=6989 current=packages/expect/src/jest-utils.ts
[2026-04-12T02:54:00Z] [iter=1] HEARTBEAT target_type=call_site elapsed_min=184.9 files_done=47 resolved=270 errors=7110 current=test/browser/fixtures/expect-dom/toHaveAccessibleErrorMessage.test.ts
[2026-04-12T02:56:57Z] [iter=1] HEARTBEAT target_type=call_site elapsed_min=187.8 files_done=48 resolved=274 errors=7225 current=test/core/test/replace-matcher.test.ts
[2026-04-12T02:58:11Z] [iter=1] HEARTBEAT target_type=call_site elapsed_min=189.0 files_done=49 resolved=274 errors=7272 current=packages/runner/src/context.ts
[2026-04-12T02:59:38Z] [iter=1] HEARTBEAT target_type=call_site elapsed_min=190.5 files_done=50 resolved=276 errors=7328 current=test/coverage-test/fixtures/src/worker.ts
[2026-04-12T03:02:39Z] [iter=1] HEARTBEAT target_type=call_site elapsed_min=193.5 files_done=52 resolved=276 errors=7444 current=packages/coverage-istanbul/src/provider.ts
[2026-04-12T03:04:03Z] [iter=1] HEARTBEAT target_type=call_site elapsed_min=194.9 files_done=53 resolved=276 errors=7498 current=test/browser/fixtures/expect-dom/toBeDisabled.test.ts
[2026-04-12T03:09:29Z] [iter=1] HEARTBEAT target_type=call_site elapsed_min=200.4 files_done=54 resolved=276 errors=7709 current=packages/mocker/src/node/redirect.ts
[2026-04-12T03:10:04Z] [iter=1] HEARTBEAT target_type=call_site elapsed_min=200.9 files_done=55 resolved=276 errors=7731 current=test/core/test/env-jsdom.test.ts
[2026-04-12T03:11:02Z] [iter=1] HEARTBEAT target_type=call_site elapsed_min=201.9 files_done=56 resolved=276 errors=7768 current=test/cli/fixtures/reported-tasks/1_first.test.ts
[2026-04-12T03:12:37Z] [iter=1] HEARTBEAT target_type=call_site elapsed_min=203.5 files_done=57 resolved=276 errors=7829 current=test/coverage-test/fixtures/src/pre-transpiled/original.ts
[2026-04-12T03:14:59Z] [iter=1] HEARTBEAT target_type=call_site elapsed_min=205.9 files_done=59 resolved=285 errors=7920 current=test/core/test/concurrent-suite.test.ts
[2026-04-12T03:17:03Z] [iter=1] HEARTBEAT target_type=call_site elapsed_min=207.9 files_done=60 resolved=285 errors=7999 current=test/browser/fixtures/mocking/import-actual-dep.test.ts
[2026-04-12T03:18:12Z] [iter=1] HEARTBEAT target_type=call_site elapsed_min=209.1 files_done=62 resolved=293 errors=8043 current=test/core/test/mocked.test.ts
[2026-04-12T03:24:16Z] [iter=1] HEARTBEAT target_type=call_site elapsed_min=215.1 files_done=63 resolved=296 errors=8278 current=test/core/test/stubs.test.ts
[2026-04-12T03:27:28Z] [iter=1] HEARTBEAT target_type=call_site elapsed_min=218.3 files_done=64 resolved=298 errors=8402 current=test/core/test/expect.test.ts
[2026-04-12T03:33:12Z] [iter=1] HEARTBEAT target_type=call_site elapsed_min=224.1 files_done=65 resolved=300 errors=8624 current=test/snapshots/test/skip-test.test.ts
[2026-04-12T03:34:34Z] [iter=1] HEARTBEAT target_type=call_site elapsed_min=225.4 files_done=66 resolved=300 errors=8677 current=test/cli/test/expect-soft.test.ts
[2026-04-12T03:36:04Z] [iter=1] HEARTBEAT target_type=call_site elapsed_min=226.9 files_done=67 resolved=300 errors=8735 current=test/browser/fixtures/expect-dom/toHaveClass.test.ts
[2026-04-12T03:42:17Z] [iter=1] HEARTBEAT target_type=call_site elapsed_min=233.2 files_done=68 resolved=300 errors=8976 current=test/config/test/public.test.ts
[2026-04-12T03:43:41Z] [iter=1] HEARTBEAT target_type=call_site elapsed_min=234.5 files_done=69 resolved=300 errors=9029 current=packages/vitest/src/node/cli/cli-api.ts
[2026-04-12T03:45:12Z] [iter=1] HEARTBEAT target_type=call_site elapsed_min=236.1 files_done=70 resolved=304 errors=9088 current=packages/browser/src/client/tester/tester.ts
[2026-04-12T03:47:09Z] [iter=1] HEARTBEAT target_type=call_site elapsed_min=238.0 files_done=71 resolved=313 errors=9163 current=packages/browser/src/node/rpc.ts
[2026-04-12T03:49:17Z] [iter=1] CHECKPOINT TRIGGERED elapsed_min=240.1 files_completed=71 new_files_this_iter=71 mem_mb=1048 MB
[2026-04-12T03:49:17Z] [iter=1] Writing partial enrichment graph path=/home/runner/work/forx/forx/storage/aggregate/lsp/79bcd1aa02151fe0a1761403de20077dfe3537b8.nq.gz triples=49523
[2026-04-12T03:49:18Z] [iter=1] Checkpoint written, exiting with code 7
[2026-04-12T03:49:18Z] [iter=1] PHASE END: enrich (checkpointed) elapsed_s=14409 elapsed_min=240.1 files_completed=71
