[2026-04-12T08:04:07Z] === ENRICH ITERATION 3 START | repo=vitest-dev/vitest sha=79bcd1aa ===
[2026-04-12T08:04:07Z] [iter=3] PHASE START: enrich repo=vitest-dev/vitest sha=79bcd1aa runlog=/home/runner/work/forx/forx/storage/aggregate/lsp/logs/79bcd1aa-enrich-iter-003.log output=/home/runner/work/forx/forx/storage/aggregate/lsp/79bcd1aa02151fe0a1761403de20077dfe3537b8.nq.gz
[2026-04-12T08:04:21Z] [iter=3] Step 1: Loading AST into disk-backed store mem_mb=81 MB
[2026-04-12T08:04:56Z] [iter=3] AST store loaded triples=3969816 load_secs=33 mem_mb=1051 MB
[2026-04-12T08:04:56Z] [iter=3] Step 2: Finding LSP targets mem_mb=1051 MB
[2026-04-12T08:05:01Z] [iter=3] LSP targets found call_sites=40762 imports=4522 extends=135 implements=31 secs=5
[2026-04-12T08:05:05Z] [iter=3] Loaded checkpoint partial graph triples=101784
[2026-04-12T08:05:09Z] [iter=3] Step 2.7: Building position index (one-shot, shared across resolvers) mem_mb=1051 MB
[2026-04-12T08:05:32Z] [iter=3] Position index built positions=262895 nodes_with_types=314889 secs=24 mem_mb=1196 MB
[2026-04-12T08:05:32Z] [iter=3] Step 3: Starting LSP resolution mem_mb=1196 MB already_completed_types=[] already_completed_files=270
[2026-04-12T08:05:32Z] [iter=3] Resolving target type target_type=call_site count=40762
[2026-04-12T08:05:33Z] [iter=3] HEARTBEAT target_type=call_site elapsed_min=1.4 files_done=0 resolved=0 errors=0 current=packages/vitest/src/runtime/runners/benchmark.ts
[2026-04-12T08:06:25Z] [iter=3] HEARTBEAT target_type=call_site elapsed_min=2.3 files_done=1 resolved=2 errors=32 current=test/browser/specs/update-snapshot.test.ts
[2026-04-12T08:07:09Z] [iter=3] HEARTBEAT target_type=call_site elapsed_min=3.0 files_done=2 resolved=4 errors=60 current=test/config/fixtures/sequence-concurrent/sequence-concurrent-false-sequential.test.ts
[2026-04-12T08:07:49Z] [iter=3] HEARTBEAT target_type=call_site elapsed_min=3.7 files_done=3 resolved=5 errors=85 current=packages/browser/src/node/plugin.ts
[2026-04-12T08:10:43Z] [iter=3] HEARTBEAT target_type=call_site elapsed_min=6.6 files_done=4 resolved=7 errors=197 current=packages/mocker/src/node/mockerPlugin.ts
[2026-04-12T08:13:40Z] [iter=3] HEARTBEAT target_type=call_site elapsed_min=9.5 files_done=6 resolved=8 errors=310 current=packages/mocker/src/browser/utils.ts
[2026-04-12T08:15:42Z] [iter=3] HEARTBEAT target_type=call_site elapsed_min=11.6 files_done=8 resolved=36 errors=388 current=packages/vitest/src/node/plugins/normalizeURL.ts
[2026-04-12T08:16:19Z] [iter=3] HEARTBEAT target_type=call_site elapsed_min=12.2 files_done=10 resolved=39 errors=411 current=packages/web-worker/src/worker.ts
[2026-04-12T08:17:28Z] [iter=3] HEARTBEAT target_type=call_site elapsed_min=13.4 files_done=11 resolved=44 errors=455 current=packages/utils/src/diff/getAlignedDiffs.ts
[2026-04-12T08:18:32Z] [iter=3] HEARTBEAT target_type=call_site elapsed_min=14.4 files_done=12 resolved=44 errors=496 current=test/core/test/local-context.test.ts
[2026-04-12T08:20:11Z] [iter=3] HEARTBEAT target_type=call_site elapsed_min=16.1 files_done=13 resolved=44 errors=559 current=packages/browser/src/client/tester/public-utils.ts
[2026-04-12T08:22:29Z] [iter=3] HEARTBEAT target_type=call_site elapsed_min=18.4 files_done=15 resolved=50 errors=647 current=test/watch/test/stdin.test.ts
[2026-04-12T08:23:50Z] [iter=3] HEARTBEAT target_type=call_site elapsed_min=19.7 files_done=16 resolved=50 errors=699 current=packages/vitest/src/node/pools/threads.ts
[2026-04-12T08:25:13Z] [iter=3] HEARTBEAT target_type=call_site elapsed_min=21.1 files_done=17 resolved=64 errors=752 current=test/core/test/handled-unhandled.test.ts
[2026-04-12T08:27:01Z] [iter=3] HEARTBEAT target_type=call_site elapsed_min=22.9 files_done=19 resolved=73 errors=820 current=packages/web-worker/src/shared-worker.ts
[2026-04-12T08:27:39Z] [iter=3] HEARTBEAT target_type=call_site elapsed_min=23.5 files_done=20 resolved=82 errors=844 current=test/cli/test/network-imports.test.ts
[2026-04-12T08:28:17Z] [iter=3] HEARTBEAT target_type=call_site elapsed_min=24.2 files_done=23 resolved=83 errors=867 current=test/reporters/fixtures/suite-hook-failure/basic.test.ts
[2026-04-12T08:28:55Z] [iter=3] HEARTBEAT target_type=call_site elapsed_min=24.8 files_done=27 resolved=87 errors=890 current=test/vite-node/test/server.test.ts
[2026-04-12T08:32:46Z] [iter=3] HEARTBEAT target_type=call_site elapsed_min=28.7 files_done=28 resolved=91 errors=1037 current=packages/mocker/src/node/dynamicImportPlugin.ts
[2026-04-12T08:33:38Z] [iter=3] HEARTBEAT target_type=call_site elapsed_min=29.5 files_done=30 resolved=92 errors=1069 current=test/browser/specs/mocking.test.ts
[2026-04-12T08:35:18Z] [iter=3] HEARTBEAT target_type=call_site elapsed_min=31.2 files_done=31 resolved=94 errors=1133 current=test/coverage-test/test/dynamic-files.test.ts
[2026-04-12T08:39:09Z] [iter=3] HEARTBEAT target_type=call_site elapsed_min=35.0 files_done=33 resolved=106 errors=1280 current=test/reporters/tests/html.test.ts
[2026-04-12T08:40:21Z] [iter=3] HEARTBEAT target_type=call_site elapsed_min=36.2 files_done=34 resolved=106 errors=1326 current=packages/pretty-format/src/collections.ts
[2026-04-12T08:41:28Z] [iter=3] HEARTBEAT target_type=call_site elapsed_min=37.3 files_done=36 resolved=115 errors=1368 current=test/browser/fixtures/expect-dom/toBeInTheDocument.test.ts
[2026-04-12T08:42:30Z] [iter=3] HEARTBEAT target_type=call_site elapsed_min=38.4 files_done=37 resolved=122 errors=1408 current=test/config/fixtures/css/test/scope-module.spec.ts
[2026-04-12T08:43:37Z] [iter=3] HEARTBEAT target_type=call_site elapsed_min=39.5 files_done=39 resolved=127 errors=1450 current=test/browser/fixtures/timeout-hooks/hooks-timeout.test.ts
[2026-04-12T08:44:53Z] [iter=3] HEARTBEAT target_type=call_site elapsed_min=40.8 files_done=40 resolved=136 errors=1499 current=packages/vitest/src/runtime/vm/commonjs-executor.ts
[2026-04-12T08:46:15Z] [iter=3] HEARTBEAT target_type=call_site elapsed_min=42.1 files_done=41 resolved=143 errors=1551 current=test/core/test/mocking/autospying.test.ts
[2026-04-12T08:46:50Z] [iter=3] HEARTBEAT target_type=call_site elapsed_min=42.7 files_done=42 resolved=143 errors=1573 current=packages/vitest/src/runtime/setup-common.ts
[2026-04-12T08:47:34Z] [iter=3] HEARTBEAT target_type=call_site elapsed_min=43.5 files_done=44 resolved=144 errors=1601 current=test/coverage-test/test/include-exclude.test.ts
[2026-04-12T08:50:09Z] [iter=3] HEARTBEAT target_type=call_site elapsed_min=46.0 files_done=45 resolved=144 errors=1700 current=test/browser/fixtures/browser-crash/vitest.config.ts
[2026-04-12T08:51:42Z] [iter=3] HEARTBEAT target_type=call_site elapsed_min=47.6 files_done=47 resolved=144 errors=1759 current=packages/snapshot/src/port/utils.ts
[2026-04-12T08:52:49Z] [iter=3] HEARTBEAT target_type=call_site elapsed_min=48.7 files_done=48 resolved=159 errors=1802 current=test/ui/fixtures/coverage.test.ts
[2026-04-12T08:54:00Z] [iter=3] HEARTBEAT target_type=call_site elapsed_min=49.9 files_done=50 resolved=162 errors=1847 current=test/config/fixtures/watch-trigger-pattern/folder/fs/basic.test.ts
[2026-04-12T08:56:14Z] [iter=3] HEARTBEAT target_type=call_site elapsed_min=52.1 files_done=53 resolved=172 errors=1932 current=packages/expect/src/custom-matchers.ts
[2026-04-12T08:57:41Z] [iter=3] HEARTBEAT target_type=call_site elapsed_min=53.6 files_done=55 resolved=173 errors=1987 current=test/cli/fixtures/fails/concurrent-test-deadlock.test.ts
[2026-04-12T08:58:19Z] [iter=3] HEARTBEAT target_type=call_site elapsed_min=54.2 files_done=57 resolved=173 errors=2011 current=test/reporters/tests/console.test.ts
[2026-04-12T08:58:58Z] [iter=3] HEARTBEAT target_type=call_site elapsed_min=54.9 files_done=58 resolved=173 errors=2036 current=test/global-setup/test/global-setup.test.ts
[2026-04-12T08:59:57Z] [iter=3] HEARTBEAT target_type=call_site elapsed_min=55.8 files_done=60 resolved=174 errors=2073 current=packages/pretty-format/src/index.ts
[2026-04-12T09:01:36Z] [iter=3] HEARTBEAT target_type=call_site elapsed_min=57.5 files_done=61 resolved=190 errors=2136 current=test/browser/fixtures/mocking/mocked-nested.test.ts
[2026-04-12T09:03:27Z] [iter=3] HEARTBEAT target_type=call_site elapsed_min=59.3 files_done=63 resolved=192 errors=2206 current=test/cli/fixtures/expect-soft/expects/soft.test.ts
[2026-04-12T09:04:47Z] [iter=3] HEARTBEAT target_type=call_site elapsed_min=60.7 files_done=64 resolved=192 errors=2257 current=test/core/test/web-worker-jsdom.test.ts
[2026-04-12T09:05:24Z] [iter=3] HEARTBEAT target_type=call_site elapsed_min=61.3 files_done=65 resolved=192 errors=2281 current=test/typescript/test-d/test.test-d.ts
[2026-04-12T09:06:10Z] [iter=3] HEARTBEAT target_type=call_site elapsed_min=62.0 files_done=66 resolved=192 errors=2310 current=packages/vitest/src/node/project.ts
[2026-04-12T09:09:09Z] [iter=3] HEARTBEAT target_type=call_site elapsed_min=65.0 files_done=67 resolved=197 errors=2425 current=packages/browser/src/client/tester/expect/toBeRequired.ts
[2026-04-12T09:09:45Z] [iter=3] HEARTBEAT target_type=call_site elapsed_min=65.6 files_done=68 resolved=197 errors=2448 current=test/reporters/tests/tap.test.ts
[2026-04-12T09:11:12Z] [iter=3] HEARTBEAT target_type=call_site elapsed_min=67.1 files_done=71 resolved=199 errors=2503 current=test/config/fixtures/fs-cached-check/basic.test.ts
[2026-04-12T09:12:17Z] [iter=3] HEARTBEAT target_type=call_site elapsed_min=68.2 files_done=73 resolved=199 errors=2544 current=test/reporters/fixtures/metadata/metadata.test.ts
[2026-04-12T09:16:58Z] [iter=3] HEARTBEAT target_type=call_site elapsed_min=72.8 files_done=75 resolved=199 errors=2724 current=test/cli/fixtures/fails/nested-suite.test.ts
[2026-04-12T09:19:39Z] [iter=3] HEARTBEAT target_type=call_site elapsed_min=75.5 files_done=77 resolved=201 errors=2827 current=packages/vitest/src/node/printError.ts
[2026-04-12T09:22:37Z] [iter=3] HEARTBEAT target_type=call_site elapsed_min=78.5 files_done=78 resolved=214 errors=2941 current=test/cli/test/console.test.ts
[2026-04-12T09:23:40Z] [iter=3] HEARTBEAT target_type=call_site elapsed_min=79.6 files_done=79 resolved=214 errors=2981 current=test/core/test/snapshot-async.test.ts
[2026-04-12T09:24:16Z] [iter=3] HEARTBEAT target_type=call_site elapsed_min=80.2 files_done=81 resolved=250 errors=3004 current=test/config/fixtures/css/test/process-module.spec.ts
[2026-04-12T09:25:35Z] [iter=3] HEARTBEAT target_type=call_site elapsed_min=81.5 files_done=83 resolved=263 errors=3053 current=test/reporters/tests/indicator-position.test.ts
[2026-04-12T09:26:57Z] [iter=3] HEARTBEAT target_type=call_site elapsed_min=82.8 files_done=85 resolved=267 errors=3105 current=test/browser/specs/setup-file.test.ts
[2026-04-12T09:27:50Z] [iter=3] HEARTBEAT target_type=call_site elapsed_min=83.7 files_done=88 resolved=268 errors=3138 current=test/browser/specs/inspect.test.ts
[2026-04-12T09:28:43Z] [iter=3] HEARTBEAT target_type=call_site elapsed_min=84.6 files_done=89 resolved=273 errors=3172 current=test/typescript/test/runner.test.ts
[2026-04-12T09:31:34Z] [iter=3] HEARTBEAT target_type=call_site elapsed_min=87.5 files_done=90 resolved=278 errors=3281 current=packages/mocker/src/node/hoistMocksPlugin.ts
[2026-04-12T09:33:28Z] [iter=3] HEARTBEAT target_type=call_site elapsed_min=89.4 files_done=91 resolved=286 errors=3354 current=test/snapshots/test/fixtures/test-update/retry-file.test.ts
[2026-04-12T09:34:02Z] [iter=3] HEARTBEAT target_type=call_site elapsed_min=89.9 files_done=92 resolved=286 errors=3375 current=test/snapshots/test/jest-image-snapshot.test.ts
[2026-04-12T09:34:37Z] [iter=3] HEARTBEAT target_type=call_site elapsed_min=90.5 files_done=93 resolved=286 errors=3397 current=test/config/test/hook-timeout.test.ts
[2026-04-12T09:35:46Z] [iter=3] HEARTBEAT target_type=call_site elapsed_min=91.7 files_done=96 resolved=288 errors=3441 current=packages/vitest/src/node/plugins/index.ts
[2026-04-12T09:36:37Z] [iter=3] HEARTBEAT target_type=call_site elapsed_min=92.5 files_done=97 resolved=290 errors=3473 current=packages/browser/src/client/orchestrator.ts
[2026-04-12T09:38:57Z] [iter=3] HEARTBEAT target_type=call_site elapsed_min=94.8 files_done=98 resolved=300 errors=3562 current=packages/browser/src/client/tester/expect/toContainElement.ts
[2026-04-12T09:39:32Z] [iter=3] HEARTBEAT target_type=call_site elapsed_min=95.4 files_done=101 resolved=309 errors=3583 current=test/browser/fixtures/expect-dom/toHaveAccessibleDescription.test.ts
[2026-04-12T09:42:08Z] [iter=3] HEARTBEAT target_type=call_site elapsed_min=98.0 files_done=102 resolved=309 errors=3682 current=packages/vitest/src/node/git.ts
[2026-04-12T09:44:52Z] [iter=3] HEARTBEAT target_type=call_site elapsed_min=100.8 files_done=104 resolved=311 errors=3785 current=test/config/fixtures/filters/test/example.test.ts
[2026-04-12T09:45:39Z] [iter=3] HEARTBEAT target_type=call_site elapsed_min=101.5 files_done=107 resolved=311 errors=3814 current=test/coverage-test/test/threshold-100.test.ts
[2026-04-12T09:46:29Z] [iter=3] HEARTBEAT target_type=call_site elapsed_min=102.4 files_done=109 resolved=316 errors=3845 current=test/browser/fixtures/expect-dom/toBeRequired.test.ts
[2026-04-12T09:48:38Z] [iter=3] HEARTBEAT target_type=call_site elapsed_min=104.5 files_done=110 resolved=316 errors=3927 current=test/browser/fixtures/update-snapshot/basic-fixture.ts
[2026-04-12T09:49:18Z] [iter=3] HEARTBEAT target_type=call_site elapsed_min=105.2 files_done=112 resolved=329 errors=3952 current=test/reporters/tests/default.test.ts
[2026-04-12T09:52:34Z] [iter=3] HEARTBEAT target_type=call_site elapsed_min=108.4 files_done=113 resolved=329 errors=4076 current=test/browser/fixtures/locators/blog.test.tsx
[2026-04-12T09:53:49Z] [iter=3] HEARTBEAT target_type=call_site elapsed_min=109.7 files_done=114 resolved=329 errors=4123 current=examples/in-source-test/src/index.ts
[2026-04-12T09:54:47Z] [iter=3] HEARTBEAT target_type=call_site elapsed_min=110.7 files_done=117 resolved=337 errors=4159 current=packages/utils/src/diff/index.ts
[2026-04-12T09:57:15Z] [iter=3] HEARTBEAT target_type=call_site elapsed_min=113.1 files_done=118 resolved=343 errors=4252 current=test/config/test/watch-trigger-pattern.test.ts
[2026-04-12T09:59:29Z] [iter=3] HEARTBEAT target_type=call_site elapsed_min=115.4 files_done=120 resolved=346 errors=4337 current=packages/utils/src/diff/diffStrings.ts
[2026-04-12T10:00:00Z] [iter=3] HEARTBEAT target_type=call_site elapsed_min=115.9 files_done=121 resolved=348 errors=4357 current=test/browser/test/snapshot.test.ts
[2026-04-12T10:00:42Z] [iter=3] HEARTBEAT target_type=call_site elapsed_min=116.6 files_done=123 resolved=348 errors=4383 current=test/browser/specs/expect-dom.test.ts
[2026-04-12T10:01:23Z] [iter=3] HEARTBEAT target_type=call_site elapsed_min=117.3 files_done=125 resolved=350 errors=4408 current=test/cli/fixtures/list/math.test.ts
[2026-04-12T10:02:41Z] [iter=3] HEARTBEAT target_type=call_site elapsed_min=118.6 files_done=128 resolved=350 errors=4457 current=packages/ui/node/reporter.ts
[2026-04-12T10:04:24Z] [iter=3] HEARTBEAT target_type=call_site elapsed_min=120.3 files_done=129 resolved=353 errors=4523 current=packages/vitest/src/runtime/workers/vm.ts
[2026-04-12T10:12:27Z] [iter=3] HEARTBEAT target_type=call_site elapsed_min=128.3 files_done=131 resolved=359 errors=4832 current=packages/vitest/src/api/setup.ts
[2026-04-12T10:14:10Z] [iter=3] HEARTBEAT target_type=call_site elapsed_min=130.1 files_done=132 resolved=359 errors=4897 current=test/coverage-test/fixtures/configs/vitest.config.decorators.ts
[2026-04-12T10:14:59Z] [iter=3] HEARTBEAT target_type=call_site elapsed_min=130.9 files_done=134 resolved=381 errors=4928 current=docs/.vitepress/config.ts
[2026-04-12T10:15:32Z] [iter=3] HEARTBEAT target_type=call_site elapsed_min=131.4 files_done=136 resolved=381 errors=4948 current=packages/mocker/src/automocker.ts
[2026-04-12T10:16:39Z] [iter=3] HEARTBEAT target_type=call_site elapsed_min=132.5 files_done=137 resolved=390 errors=4990 current=test/browser/fixtures/expect-dom/toHaveTextContent.test.ts
[2026-04-12T10:18:48Z] [iter=3] HEARTBEAT target_type=call_site elapsed_min=134.7 files_done=138 resolved=390 errors=5072 current=packages/browser/src/client/tester/expect/toHaveSelection.ts
[2026-04-12T10:19:31Z] [iter=3] HEARTBEAT target_type=call_site elapsed_min=135.4 files_done=139 resolved=391 errors=5099 current=test/coverage-test/test/changed.test.ts
[2026-04-12T10:20:01Z] [iter=3] HEARTBEAT target_type=call_site elapsed_min=135.9 files_done=140 resolved=391 errors=5118 current=test/coverage-test/fixtures/test/vue-fixture.test.ts
[2026-04-12T10:20:57Z] [iter=3] HEARTBEAT target_type=call_site elapsed_min=136.8 files_done=141 resolved=391 errors=5154 current=packages/expect/src/jest-matcher-utils.ts
[2026-04-12T10:21:32Z] [iter=3] HEARTBEAT target_type=call_site elapsed_min=137.4 files_done=142 resolved=392 errors=5176 current=test/browser/fixtures/worker/src/basic.test.ts
[2026-04-12T10:22:30Z] [iter=3] HEARTBEAT target_type=call_site elapsed_min=138.4 files_done=144 resolved=394 errors=5213 current=test/ui/fixtures/annotated.test.ts
[2026-04-12T10:23:58Z] [iter=3] HEARTBEAT target_type=call_site elapsed_min=139.9 files_done=148 resolved=395 errors=5268 current=packages/browser/src/client/tester/expect/toBeEmptyDOMElement.ts
[2026-04-12T10:26:33Z] [iter=3] HEARTBEAT target_type=call_site elapsed_min=142.4 files_done=150 resolved=401 errors=5366 current=test/coverage-test/fixtures/test/multi-suite-fixture.test.ts
[2026-04-12T10:27:20Z] [iter=3] HEARTBEAT target_type=call_site elapsed_min=143.2 files_done=152 resolved=401 errors=5395 current=docs/.vitepress/scripts/transformHead.ts
[2026-04-12T10:27:59Z] [iter=3] HEARTBEAT target_type=call_site elapsed_min=143.9 files_done=155 resolved=401 errors=5419 current=test/config/fixtures/exclude/string.test.ts
[2026-04-12T10:28:48Z] [iter=3] HEARTBEAT target_type=call_site elapsed_min=144.7 files_done=157 resolved=405 errors=5450 current=test/browser/fixtures/viewport/basic.test.ts
[2026-04-12T10:29:24Z] [iter=3] HEARTBEAT target_type=call_site elapsed_min=145.3 files_done=159 resolved=408 errors=5472 current=test/core/test/immutable.test.ts
[2026-04-12T10:30:19Z] [iter=3] HEARTBEAT target_type=call_site elapsed_min=146.2 files_done=161 resolved=408 errors=5506 current=test/config/test/browser-html.test.ts
[2026-04-12T10:31:18Z] [iter=3] HEARTBEAT target_type=call_site elapsed_min=147.2 files_done=162 resolved=408 errors=5544 current=test/core/test/test-for-suite.test.ts
[2026-04-12T10:31:49Z] [iter=3] HEARTBEAT target_type=call_site elapsed_min=147.7 files_done=163 resolved=408 errors=5563 current=packages/mocker/src/node/esmWalker.ts
[2026-04-12T10:33:20Z] [iter=3] HEARTBEAT target_type=call_site elapsed_min=149.2 files_done=164 resolved=408 errors=5621 current=packages/vitest/src/node/plugins/publicConfig.ts
[2026-04-12T10:34:00Z] [iter=3] HEARTBEAT target_type=call_site elapsed_min=149.9 files_done=166 resolved=409 errors=5646 current=test/snapshots/test/custom-environment.test.ts
[2026-04-12T10:34:51Z] [iter=3] HEARTBEAT target_type=call_site elapsed_min=150.7 files_done=168 resolved=415 errors=5678 current=test/cli/fixtures/vm-threads/not-found.test.ts
[2026-04-12T10:35:41Z] [iter=3] HEARTBEAT target_type=call_site elapsed_min=151.6 files_done=170 resolved=415 errors=5709 current=packages/vitest/src/integrations/chai/index.ts
[2026-04-12T10:36:22Z] [iter=3] HEARTBEAT target_type=call_site elapsed_min=152.3 files_done=171 resolved=420 errors=5735 current=test/cli/test/retry-clear-mocks.test.ts
[2026-04-12T10:37:00Z] [iter=3] HEARTBEAT target_type=call_site elapsed_min=152.9 files_done=172 resolved=420 errors=5759 current=test/core/test/expect-poll.test.ts
[2026-04-12T10:39:30Z] [iter=3] HEARTBEAT target_type=call_site elapsed_min=155.4 files_done=173 resolved=426 errors=5854 current=test/browser/setup.unit.ts
[2026-04-12T10:41:05Z] [iter=3] HEARTBEAT target_type=call_site elapsed_min=157.0 files_done=175 resolved=427 errors=5914 current=test/reporters/tests/function-as-name.test.ts
[2026-04-12T10:41:50Z] [iter=3] HEARTBEAT target_type=call_site elapsed_min=157.7 files_done=176 resolved=427 errors=5942 current=test/coverage-test/test/test-reporter-conflicts.test.ts
[2026-04-12T10:42:36Z] [iter=3] HEARTBEAT target_type=call_site elapsed_min=158.5 files_done=179 resolved=429 errors=5970 current=packages/vitest/src/node/logger.ts
[2026-04-12T10:45:42Z] [iter=3] HEARTBEAT target_type=call_site elapsed_min=161.6 files_done=180 resolved=430 errors=6088 current=packages/vitest/src/runtime/worker.ts
[2026-04-12T10:46:20Z] [iter=3] HEARTBEAT target_type=call_site elapsed_min=162.2 files_done=181 resolved=432 errors=6112 current=test/config/test/snapshot.test.ts
[2026-04-12T10:47:02Z] [iter=3] HEARTBEAT target_type=call_site elapsed_min=162.9 files_done=184 resolved=434 errors=6137 current=test/benchmark/test/reporter.test.ts
[2026-04-12T10:47:52Z] [iter=3] HEARTBEAT target_type=call_site elapsed_min=163.8 files_done=185 resolved=434 errors=6169 current=packages/browser/src/client/tester/state.ts
[2026-04-12T10:48:42Z] [iter=3] HEARTBEAT target_type=call_site elapsed_min=164.6 files_done=186 resolved=437 errors=6200 current=test/browser/test/mocking.test.ts
[2026-04-12T10:49:16Z] [iter=3] HEARTBEAT target_type=call_site elapsed_min=165.2 files_done=189 resolved=437 errors=6221 current=packages/vite-node/src/debug.ts
[2026-04-12T10:49:59Z] [iter=3] HEARTBEAT target_type=call_site elapsed_min=165.9 files_done=190 resolved=439 errors=6248 current=packages/browser/src/client/tester/expect/toHaveAttribute.ts
[2026-04-12T10:50:46Z] [iter=3] HEARTBEAT target_type=call_site elapsed_min=166.6 files_done=192 resolved=439 errors=6277 current=test/cli/test/public-api.test.ts
[2026-04-12T10:51:59Z] [iter=3] HEARTBEAT target_type=call_site elapsed_min=167.9 files_done=193 resolved=439 errors=6323 current=test/snapshots/test/fixtures/custom-snapshot-environment/snapshot-environment.ts
[2026-04-12T10:52:54Z] [iter=3] HEARTBEAT target_type=call_site elapsed_min=168.8 files_done=195 resolved=439 errors=6358 current=test/reporters/fixtures/error.test.ts
[2026-04-12T10:53:52Z] [iter=3] HEARTBEAT target_type=call_site elapsed_min=169.7 files_done=197 resolved=440 errors=6394 current=packages/ui/client/composables/explorer/collapse.ts
[2026-04-12T10:54:52Z] [iter=3] HEARTBEAT target_type=call_site elapsed_min=170.8 files_done=199 resolved=441 errors=6432 current=test/core/test/jest-expect-no-url.test.ts
[2026-04-12T10:56:48Z] [iter=3] HEARTBEAT target_type=call_site elapsed_min=172.7 files_done=201 resolved=443 errors=6504 current=test/ui/fixtures/console.test.ts
[2026-04-12T10:57:29Z] [iter=3] HEARTBEAT target_type=call_site elapsed_min=173.4 files_done=203 resolved=459 errors=6529 current=test/cli/test/windows-drive-case.test.ts
[2026-04-12T10:58:59Z] [iter=3] HEARTBEAT target_type=call_site elapsed_min=174.9 files_done=205 resolved=459 errors=6586 current=packages/vitest/src/runtime/runners/test.ts
[2026-04-12T10:59:57Z] [iter=3] HEARTBEAT target_type=call_site elapsed_min=175.8 files_done=206 resolved=463 errors=6622 current=packages/vite-node/src/source-map.ts
[2026-04-12T11:01:19Z] [iter=3] HEARTBEAT target_type=call_site elapsed_min=177.2 files_done=208 resolved=465 errors=6673 current=test/coverage-test/test/exclude-after-remap.test.ts
[2026-04-12T11:02:05Z] [iter=3] HEARTBEAT target_type=call_site elapsed_min=178.0 files_done=209 resolved=465 errors=6702 current=test/coverage-test/test/reporters.test.ts
[2026-04-12T11:03:06Z] [iter=3] HEARTBEAT target_type=call_site elapsed_min=179.0 files_done=210 resolved=465 errors=6741 current=test/coverage-test/test/decorators.test.ts
[2026-04-12T11:06:06Z] [iter=3] HEARTBEAT target_type=call_site elapsed_min=182.0 files_done=212 resolved=469 errors=6856 current=test/reporters/tests/github-actions.test.ts
[2026-04-12T11:07:28Z] [iter=3] HEARTBEAT target_type=call_site elapsed_min=183.4 files_done=214 resolved=469 errors=6908 current=test/cli/test/custom-runner.test.ts
[2026-04-12T11:08:17Z] [iter=3] HEARTBEAT target_type=call_site elapsed_min=184.2 files_done=218 resolved=469 errors=6937 current=packages/vitest/src/node/packageInstaller.ts
[2026-04-12T11:09:45Z] [iter=3] HEARTBEAT target_type=call_site elapsed_min=185.6 files_done=220 resolved=472 errors=6993 current=test/browser/test/dom.test.ts
[2026-04-12T11:11:52Z] [iter=3] HEARTBEAT target_type=call_site elapsed_min=187.8 files_done=221 resolved=478 errors=7073 current=packages/vitest/src/node/pools/vmThreads.ts
[2026-04-12T11:12:57Z] [iter=3] HEARTBEAT target_type=call_site elapsed_min=188.8 files_done=222 resolved=485 errors=7114 current=test/core/test/memory-limit.test.ts
[2026-04-12T11:13:30Z] [iter=3] HEARTBEAT target_type=call_site elapsed_min=189.4 files_done=223 resolved=485 errors=7134 current=test/core/test/on-finished.test.ts
[2026-04-12T11:15:32Z] [iter=3] HEARTBEAT target_type=call_site elapsed_min=191.4 files_done=224 resolved=485 errors=7212 current=test/browser/fixtures/locators-custom/basic.test.tsx
[2026-04-12T11:16:48Z] [iter=3] HEARTBEAT target_type=call_site elapsed_min=192.7 files_done=225 resolved=485 errors=7260 current=test/core/src/mocks/integration.ts
[2026-04-12T11:17:52Z] [iter=3] HEARTBEAT target_type=call_site elapsed_min=193.8 files_done=228 resolved=492 errors=7300 current=packages/vitest/src/node/pools/rpc.ts
[2026-04-12T11:18:58Z] [iter=3] HEARTBEAT target_type=call_site elapsed_min=194.9 files_done=229 resolved=497 errors=7342 current=test/browser/fixtures/user-event/cleanup2.test.ts
[2026-04-12T11:19:28Z] [iter=3] HEARTBEAT target_type=call_site elapsed_min=195.4 files_done=231 resolved=499 errors=7360 current=test/reporters/tests/utils.test.ts
[2026-04-12T11:20:10Z] [iter=3] HEARTBEAT target_type=call_site elapsed_min=196.1 files_done=232 resolved=499 errors=7386 current=test/core/test/fixture-options.test.ts
[2026-04-12T11:20:54Z] [iter=3] HEARTBEAT target_type=call_site elapsed_min=196.8 files_done=233 resolved=499 errors=7413 current=test/workspaces/coverage-report-tests/check-coverage.test.ts
[2026-04-12T11:21:45Z] [iter=3] HEARTBEAT target_type=call_site elapsed_min=197.6 files_done=234 resolved=501 errors=7446 current=test/core/test/define-ssr.test.ts
[2026-04-12T11:23:04Z] [iter=3] HEARTBEAT target_type=call_site elapsed_min=199.0 files_done=235 resolved=503 errors=7496 current=test/reporters/fixtures/default/print-index.test.ts
[2026-04-12T11:24:11Z] [iter=3] HEARTBEAT target_type=call_site elapsed_min=200.1 files_done=237 resolved=503 errors=7537 current=packages/vitest/src/runtime/runVmTests.ts
[2026-04-12T11:25:00Z] [iter=3] HEARTBEAT target_type=call_site elapsed_min=200.9 files_done=239 resolved=504 errors=7568 current=packages/vitest/src/node/reporters/verbose.ts
[2026-04-12T11:25:44Z] [iter=3] HEARTBEAT target_type=call_site elapsed_min=201.6 files_done=240 resolved=506 errors=7595 current=packages/vitest/src/runtime/workers/utils.ts
[2026-04-12T11:26:33Z] [iter=3] HEARTBEAT target_type=call_site elapsed_min=202.4 files_done=242 resolved=512 errors=7625 current=packages/runner/src/utils/chain.ts
[2026-04-12T11:27:14Z] [iter=3] HEARTBEAT target_type=call_site elapsed_min=203.1 files_done=246 resolved=515 errors=7650 current=test/benchmark/fixtures/reporter/multiple.bench.ts
[2026-04-12T11:28:16Z] [iter=3] HEARTBEAT target_type=call_site elapsed_min=204.2 files_done=249 resolved=515 errors=7688 current=test/browser/fixtures/mocking/not-mocked.test.ts
[2026-04-12T11:29:29Z] [iter=3] HEARTBEAT target_type=call_site elapsed_min=205.4 files_done=251 resolved=516 errors=7734 current=test/config/fixtures/filters/test/config.test.ts
[2026-04-12T11:30:13Z] [iter=3] HEARTBEAT target_type=call_site elapsed_min=206.1 files_done=253 resolved=522 errors=7762 current=docs/.vitepress/scripts/cli-generator.ts
[2026-04-12T11:30:47Z] [iter=3] HEARTBEAT target_type=call_site elapsed_min=206.7 files_done=255 resolved=525 errors=7782 current=test/cli/fixtures/network-imports/basic.test.ts
[2026-04-12T11:33:06Z] [iter=3] HEARTBEAT target_type=call_site elapsed_min=209.0 files_done=257 resolved=528 errors=7871 current=test/config/fixtures/mode/vitest.test.config.ts
[2026-04-12T11:34:03Z] [iter=3] HEARTBEAT target_type=call_site elapsed_min=209.9 files_done=259 resolved=546 errors=7906 current=test/config/fixtures/css/test/default-css.spec.ts
[2026-04-12T11:36:09Z] [iter=3] HEARTBEAT target_type=call_site elapsed_min=212.0 files_done=261 resolved=558 errors=7986 current=test/coverage-test/test/multi-environment.test.ts
[2026-04-12T11:36:49Z] [iter=3] HEARTBEAT target_type=call_site elapsed_min=212.7 files_done=263 resolved=560 errors=8011 current=test/config/test/conditions-cli.test.ts
[2026-04-12T11:37:28Z] [iter=3] HEARTBEAT target_type=call_site elapsed_min=213.3 files_done=264 resolved=560 errors=8035 current=test/core/test/sequential.test.ts
[2026-04-12T11:38:50Z] [iter=3] HEARTBEAT target_type=call_site elapsed_min=214.7 files_done=265 resolved=560 errors=8087 current=test/config/test/chai-config.test.ts
[2026-04-12T11:39:29Z] [iter=3] HEARTBEAT target_type=call_site elapsed_min=215.4 files_done=266 resolved=560 errors=8111 current=packages/vitest/src/node/reporters/tap.ts
[2026-04-12T11:40:44Z] [iter=3] HEARTBEAT target_type=call_site elapsed_min=216.6 files_done=267 resolved=562 errors=8159 current=test/config/test/exec-args.test.ts
[2026-04-12T11:41:17Z] [iter=3] HEARTBEAT target_type=call_site elapsed_min=217.2 files_done=268 resolved=562 errors=8180 current=packages/browser/src/client/tester/snapshot.ts
[2026-04-12T11:42:29Z] [iter=3] HEARTBEAT target_type=call_site elapsed_min=218.4 files_done=270 resolved=570 errors=8225 current=test/config/test/fixture-no-async.test.ts
[2026-04-12T11:43:03Z] [iter=3] HEARTBEAT target_type=call_site elapsed_min=218.9 files_done=273 resolved=570 errors=8246 current=packages/mocker/src/node/resolver.ts
[2026-04-12T11:44:03Z] [iter=3] HEARTBEAT target_type=call_site elapsed_min=219.9 files_done=274 resolved=571 errors=8284 current=test/core/test/environments/custom-env.test.ts
[2026-04-12T11:44:37Z] [iter=3] HEARTBEAT target_type=call_site elapsed_min=220.5 files_done=276 resolved=571 errors=8305 current=test/benchmark/fixtures/basic/only.bench.ts
[2026-04-12T11:45:30Z] [iter=3] HEARTBEAT target_type=call_site elapsed_min=221.4 files_done=277 resolved=571 errors=8339 current=test/reporters/reportTest2/custom-reporter-path.vitest.config.ts
[2026-04-12T11:46:15Z] [iter=3] HEARTBEAT target_type=call_site elapsed_min=222.1 files_done=280 resolved=571 errors=8365 current=test/config/test/exclude.test.ts
[2026-04-12T11:46:54Z] [iter=3] HEARTBEAT target_type=call_site elapsed_min=222.8 files_done=282 resolved=571 errors=8387 current=test/workspaces/vitest.config.ts
[2026-04-12T11:48:25Z] [iter=3] HEARTBEAT target_type=call_site elapsed_min=224.3 files_done=284 resolved=571 errors=8439 current=test/coverage-test/test/configuration-options.test-d.ts
[2026-04-12T11:49:30Z] [iter=3] HEARTBEAT target_type=call_site elapsed_min=225.4 files_done=285 resolved=571 errors=8480 current=test/core/test/timers-queueMicrotask.test.ts
[2026-04-12T11:50:14Z] [iter=3] HEARTBEAT target_type=call_site elapsed_min=226.1 files_done=287 resolved=573 errors=8507 current=packages/vitest/src/node/reporters/tap-flat.ts
[2026-04-12T11:51:38Z] [iter=3] HEARTBEAT target_type=call_site elapsed_min=227.5 files_done=290 resolved=574 errors=8561 current=packages/vitest/src/typecheck/typechecker.ts
[2026-04-12T11:53:39Z] [iter=3] HEARTBEAT target_type=call_site elapsed_min=229.5 files_done=291 resolved=579 errors=8638 current=test/core/test/mocking/axios-not-mocked.test.ts
[2026-04-12T11:54:21Z] [iter=3] HEARTBEAT target_type=call_site elapsed_min=230.2 files_done=293 resolved=579 errors=8664 current=test/workspaces/space_shared/test.spec.ts
[2026-04-12T11:54:54Z] [iter=3] HEARTBEAT target_type=call_site elapsed_min=230.8 files_done=296 resolved=579 errors=8685 current=test/core/test/mocking/nested-default.spec.ts
[2026-04-12T11:55:43Z] [iter=3] HEARTBEAT target_type=call_site elapsed_min=231.6 files_done=298 resolved=579 errors=8716 current=test/snapshots/test/summary.test.ts
[2026-04-12T11:57:02Z] [iter=3] HEARTBEAT target_type=call_site elapsed_min=232.9 files_done=299 resolved=581 errors=8765 current=packages/vitest/src/runtime/runBaseTests.ts
[2026-04-12T11:57:32Z] [iter=3] HEARTBEAT target_type=call_site elapsed_min=233.4 files_done=300 resolved=581 errors=8784 current=test/core/test/edge.test.ts
[2026-04-12T11:58:58Z] [iter=3] HEARTBEAT target_type=call_site elapsed_min=234.9 files_done=303 resolved=582 errors=8838 current=test/config/test/mixed-environments.test.ts
[2026-04-12T11:59:35Z] [iter=3] HEARTBEAT target_type=call_site elapsed_min=235.5 files_done=304 resolved=582 errors=8861 current=packages/browser/src/node/commands/type.ts
[2026-04-12T12:00:23Z] [iter=3] HEARTBEAT target_type=call_site elapsed_min=236.3 files_done=306 resolved=584 errors=8891 current=test/cli/fixtures/location-filters/vitest.config.ts
[2026-04-12T12:01:34Z] [iter=3] HEARTBEAT target_type=call_site elapsed_min=237.5 files_done=309 resolved=589 errors=8936 current=test/snapshots/test/test-update.test.ts
[2026-04-12T12:03:47Z] [iter=3] HEARTBEAT target_type=call_site elapsed_min=239.7 files_done=312 resolved=594 errors=9020 current=test/coverage-test/test/allow-external.test.ts
[2026-04-12T12:04:16Z] [iter=3] CHECKPOINT TRIGGERED elapsed_min=240.1 files_completed=583 new_files_this_iter=313 mem_mb=1245 MB
[2026-04-12T12:04:16Z] [iter=3] Writing partial enrichment graph path=/home/runner/work/forx/forx/storage/aggregate/lsp/79bcd1aa02151fe0a1761403de20077dfe3537b8.nq.gz triples=148022
[2026-04-12T12:04:19Z] [iter=3] Checkpoint written, exiting with code 7
[2026-04-12T12:04:19Z] [iter=3] PHASE END: enrich (checkpointed) elapsed_s=14409 elapsed_min=240.1 files_completed=583
