[2026-04-12T03:56:23Z] === ENRICH ITERATION 2 START | repo=vitest-dev/vitest sha=79bcd1aa ===
[2026-04-12T03:56:23Z] [iter=2] PHASE START: enrich repo=vitest-dev/vitest sha=79bcd1aa runlog=/home/runner/work/forx/forx/storage/aggregate/lsp/logs/79bcd1aa-enrich-iter-002.log output=/home/runner/work/forx/forx/storage/aggregate/lsp/79bcd1aa02151fe0a1761403de20077dfe3537b8.nq.gz
[2026-04-12T03:56:43Z] [iter=2] Step 1: Loading AST into disk-backed store mem_mb=82 MB
[2026-04-12T03:57:16Z] [iter=2] AST store loaded triples=3969816 load_secs=32 mem_mb=1049 MB
[2026-04-12T03:57:16Z] [iter=2] Step 2: Finding LSP targets mem_mb=1049 MB
[2026-04-12T03:57:21Z] [iter=2] LSP targets found call_sites=40762 imports=4522 extends=135 implements=31 secs=5
[2026-04-12T03:57:23Z] [iter=2] Loaded checkpoint partial graph triples=49523
[2026-04-12T03:57:26Z] [iter=2] Step 2.7: Building position index (one-shot, shared across resolvers) mem_mb=1049 MB
[2026-04-12T03:57:48Z] [iter=2] Position index built positions=262895 nodes_with_types=314889 secs=22 mem_mb=1049 MB
[2026-04-12T03:57:48Z] [iter=2] Step 3: Starting LSP resolution mem_mb=1049 MB already_completed_types=[] already_completed_files=71
[2026-04-12T03:57:48Z] [iter=2] Resolving target type target_type=call_site count=40762
[2026-04-12T03:57:48Z] [iter=2] HEARTBEAT target_type=call_site elapsed_min=1.4 files_done=0 resolved=0 errors=0 current=packages/browser/src/node/rpc.ts
[2026-04-12T04:00:00Z] [iter=2] HEARTBEAT target_type=call_site elapsed_min=3.6 files_done=1 resolved=1 errors=99 current=test/config/test/failures.test.ts
[2026-04-12T04:04:05Z] [iter=2] HEARTBEAT target_type=call_site elapsed_min=7.7 files_done=2 resolved=1 errors=286 current=test/core/test/vi.spec.ts
[2026-04-12T04:07:18Z] [iter=2] HEARTBEAT target_type=call_site elapsed_min=10.9 files_done=3 resolved=1 errors=433 current=test/core/test/cli-test.test.ts
[2026-04-12T04:13:12Z] [iter=2] HEARTBEAT target_type=call_site elapsed_min=16.8 files_done=4 resolved=2 errors=703 current=test/browser/fixtures/expect-dom/toBeInvalid.test.ts
[2026-04-12T04:17:36Z] [iter=2] HEARTBEAT target_type=call_site elapsed_min=21.2 files_done=5 resolved=3 errors=904 current=test/browser/fixtures/expect-dom/toHaveDisplayValue.test.ts
[2026-04-12T04:20:02Z] [iter=2] HEARTBEAT target_type=call_site elapsed_min=23.6 files_done=6 resolved=5 errors=1015 current=test/browser/test/userEvent.test.ts
[2026-04-12T04:30:16Z] [iter=2] HEARTBEAT target_type=call_site elapsed_min=33.9 files_done=7 resolved=77 errors=1483 current=test/browser/fixtures/expect-dom/toBePartiallyChecked.test.ts
[2026-04-12T04:32:16Z] [iter=2] HEARTBEAT target_type=call_site elapsed_min=35.9 files_done=8 resolved=77 errors=1575 current=packages/browser/src/node/commands/screenshot.ts
[2026-04-12T04:32:49Z] [iter=2] HEARTBEAT target_type=call_site elapsed_min=36.4 files_done=9 resolved=77 errors=1599 current=test/core/test/expect-circular.test.ts
[2026-04-12T04:33:47Z] [iter=2] HEARTBEAT target_type=call_site elapsed_min=37.4 files_done=10 resolved=77 errors=1643 current=packages/vitest/src/integrations/chai/poll.ts
[2026-04-12T04:34:33Z] [iter=2] HEARTBEAT target_type=call_site elapsed_min=38.2 files_done=11 resolved=79 errors=1678 current=packages/ui/client/auto-imports.d.ts
[2026-04-12T04:35:04Z] [iter=2] HEARTBEAT target_type=call_site elapsed_min=38.7 files_done=14 resolved=81 errors=1701 current=packages/vitest/src/integrations/vi.ts
[2026-04-12T04:37:16Z] [iter=2] HEARTBEAT target_type=call_site elapsed_min=40.9 files_done=15 resolved=89 errors=1801 current=test/core/test/dom.test.ts
[2026-04-12T04:40:39Z] [iter=2] HEARTBEAT target_type=call_site elapsed_min=44.3 files_done=16 resolved=94 errors=1956 current=test/reporters/tests/json.test.ts
[2026-04-12T04:41:34Z] [iter=2] HEARTBEAT target_type=call_site elapsed_min=45.2 files_done=17 resolved=98 errors=1998 current=test/core/test/execution-order.test.ts
[2026-04-12T04:42:14Z] [iter=2] HEARTBEAT target_type=call_site elapsed_min=45.8 files_done=18 resolved=98 errors=2027 current=test/cli/test/scoped-fixtures.test.ts
[2026-04-12T04:45:14Z] [iter=2] HEARTBEAT target_type=call_site elapsed_min=48.9 files_done=19 resolved=101 errors=2165 current=packages/browser/src/client/tester/expect/toHaveDisplayValue.ts
[2026-04-12T04:47:24Z] [iter=2] HEARTBEAT target_type=call_site elapsed_min=51.0 files_done=23 resolved=112 errors=2262 current=test/core/test/fs.test.ts
[2026-04-12T04:50:05Z] [iter=2] HEARTBEAT target_type=call_site elapsed_min=53.7 files_done=25 resolved=116 errors=2384 current=test/cli/test/reported-tasks.test.ts
[2026-04-12T04:56:17Z] [iter=2] HEARTBEAT target_type=call_site elapsed_min=59.9 files_done=26 resolved=116 errors=2668 current=packages/browser/src/client/client.ts
[2026-04-12T04:56:59Z] [iter=2] HEARTBEAT target_type=call_site elapsed_min=60.6 files_done=27 resolved=122 errors=2700 current=packages/vitest/src/node/specifications.ts
[2026-04-12T04:58:19Z] [iter=2] HEARTBEAT target_type=call_site elapsed_min=61.9 files_done=28 resolved=128 errors=2760 current=test/coverage-test/test/clean-on-rerun.test.ts
[2026-04-12T04:59:42Z] [iter=2] HEARTBEAT target_type=call_site elapsed_min=63.3 files_done=29 resolved=130 errors=2823 current=test/core/test/mocked-circular.test.ts
[2026-04-12T05:00:45Z] [iter=2] HEARTBEAT target_type=call_site elapsed_min=64.4 files_done=32 resolved=133 errors=2870 current=packages/snapshot/src/manager.ts
[2026-04-12T05:01:21Z] [iter=2] HEARTBEAT target_type=call_site elapsed_min=65.0 files_done=34 resolved=136 errors=2896 current=test/cli/fixtures/location-filters/basic.test.ts
[2026-04-12T05:03:37Z] [iter=2] HEARTBEAT target_type=call_site elapsed_min=67.2 files_done=36 resolved=145 errors=3000 current=test/reporters/tests/verbose.test.ts
[2026-04-12T05:04:55Z] [iter=2] HEARTBEAT target_type=call_site elapsed_min=68.5 files_done=37 resolved=145 errors=3060 current=test/browser/fixtures/expect-dom/toHaveFormValues.test.ts
[2026-04-12T05:07:11Z] [iter=2] HEARTBEAT target_type=call_site elapsed_min=70.8 files_done=38 resolved=146 errors=3163 current=packages/browser/src/node/projectParent.ts
[2026-04-12T05:08:21Z] [iter=2] HEARTBEAT target_type=call_site elapsed_min=72.0 files_done=39 resolved=151 errors=3216 current=test/vite-node/test/sourcemap.test.ts
[2026-04-12T05:08:55Z] [iter=2] HEARTBEAT target_type=call_site elapsed_min=72.5 files_done=40 resolved=151 errors=3242 current=test/core/test/injector-mock.test.ts
[2026-04-12T05:15:01Z] [iter=2] HEARTBEAT target_type=call_site elapsed_min=78.6 files_done=41 resolved=151 errors=3521 current=test/cli/fixtures/list/vitest.config.ts
[2026-04-12T05:16:33Z] [iter=2] HEARTBEAT target_type=call_site elapsed_min=80.2 files_done=43 resolved=151 errors=3591 current=packages/browser/src/client/tester/logger.ts
[2026-04-12T05:17:30Z] [iter=2] HEARTBEAT target_type=call_site elapsed_min=81.1 files_done=44 resolved=151 errors=3634 current=test/browser/fixtures/expect-dom/toBeChecked.test.ts
[2026-04-12T05:20:42Z] [iter=2] HEARTBEAT target_type=call_site elapsed_min=84.3 files_done=45 resolved=151 errors=3781 current=packages/vitest/src/typecheck/parse.ts
[2026-04-12T05:21:31Z] [iter=2] HEARTBEAT target_type=call_site elapsed_min=85.1 files_done=47 resolved=155 errors=3817 current=test/browser/specs/playwright-connect.test.ts
[2026-04-12T05:22:03Z] [iter=2] HEARTBEAT target_type=call_site elapsed_min=85.7 files_done=48 resolved=155 errors=3841 current=test/browser/fixtures/expect-dom/toContainElement.test.ts
[2026-04-12T05:23:53Z] [iter=2] HEARTBEAT target_type=call_site elapsed_min=87.5 files_done=49 resolved=155 errors=3925 current=test/core/test/environments/jsdom.spec.ts
[2026-04-12T05:25:47Z] [iter=2] HEARTBEAT target_type=call_site elapsed_min=89.4 files_done=50 resolved=156 errors=4011 current=test/config/test/shard.test.ts
[2026-04-12T05:26:25Z] [iter=2] HEARTBEAT target_type=call_site elapsed_min=90.0 files_done=51 resolved=157 errors=4040 current=test/core/test/web-worker-node.test.ts
[2026-04-12T05:29:45Z] [iter=2] HEARTBEAT target_type=call_site elapsed_min=93.4 files_done=52 resolved=158 errors=4192 current=test/core/test/fixture-comments-between-destructure.test.ts
[2026-04-12T05:30:19Z] [iter=2] HEARTBEAT target_type=call_site elapsed_min=93.9 files_done=53 resolved=158 errors=4218 current=packages/vitest/src/node/create.ts
[2026-04-12T05:31:52Z] [iter=2] HEARTBEAT target_type=call_site elapsed_min=95.5 files_done=55 resolved=158 errors=4289 current=packages/runner/src/fixture.ts
[2026-04-12T05:33:50Z] [iter=2] HEARTBEAT target_type=call_site elapsed_min=97.4 files_done=56 resolved=166 errors=4379 current=scripts/explain-types.ts
[2026-04-12T05:34:32Z] [iter=2] HEARTBEAT target_type=call_site elapsed_min=98.1 files_done=58 resolved=173 errors=4410 current=test/browser/fixtures/mocking/import-mock.test.ts
[2026-04-12T05:35:26Z] [iter=2] HEARTBEAT target_type=call_site elapsed_min=99.0 files_done=59 resolved=174 errors=4451 current=test/core/test/mocking/error-mock.spec.ts
[2026-04-12T05:36:16Z] [iter=2] HEARTBEAT target_type=call_site elapsed_min=99.9 files_done=61 resolved=174 errors=4488 current=test/typescript/failing/fail.test-d.ts
[2026-04-12T05:37:25Z] [iter=2] HEARTBEAT target_type=call_site elapsed_min=101.0 files_done=64 resolved=178 errors=4541 current=test/core/test/mock-internals.test.ts
[2026-04-12T05:38:21Z] [iter=2] HEARTBEAT target_type=call_site elapsed_min=102.0 files_done=65 resolved=180 errors=4583 current=test/browser/test/cdp.test.ts
[2026-04-12T05:39:10Z] [iter=2] HEARTBEAT target_type=call_site elapsed_min=102.8 files_done=66 resolved=184 errors=4620 current=test/cli/test/stacktraces.test.ts
[2026-04-12T05:40:38Z] [iter=2] HEARTBEAT target_type=call_site elapsed_min=104.2 files_done=67 resolved=188 errors=4686 current=packages/ui/client/components.d.ts
[2026-04-12T05:43:19Z] [iter=2] HEARTBEAT target_type=call_site elapsed_min=106.9 files_done=69 resolved=188 errors=4808 current=test/core/test/wasm.test.ts
[2026-04-12T05:44:39Z] [iter=2] HEARTBEAT target_type=call_site elapsed_min=108.3 files_done=70 resolved=188 errors=4869 current=test/config/test/shuffle-options.test.ts
[2026-04-12T05:45:11Z] [iter=2] HEARTBEAT target_type=call_site elapsed_min=108.8 files_done=71 resolved=188 errors=4893 current=packages/vitest/src/node/projects/resolveProjects.ts
[2026-04-12T05:47:13Z] [iter=2] HEARTBEAT target_type=call_site elapsed_min=110.8 files_done=72 resolved=193 errors=4986 current=test/coverage-test/test/in-source.test.ts
[2026-04-12T05:49:21Z] [iter=2] HEARTBEAT target_type=call_site elapsed_min=113.0 files_done=74 resolved=195 errors=5084 current=packages/ui/client/composables/explorer/expand.ts
[2026-04-12T05:50:21Z] [iter=2] HEARTBEAT target_type=call_site elapsed_min=114.0 files_done=76 resolved=202 errors=5129 current=packages/vitest/src/node/state.ts
[2026-04-12T05:51:34Z] [iter=2] HEARTBEAT target_type=call_site elapsed_min=115.2 files_done=77 resolved=212 errors=5184 current=packages/utils/src/diff/cleanupSemantic.ts
[2026-04-12T05:53:14Z] [iter=2] HEARTBEAT target_type=call_site elapsed_min=116.8 files_done=78 resolved=219 errors=5260 current=packages/vitest/src/node/stdin.ts
[2026-04-12T05:54:45Z] [iter=2] HEARTBEAT target_type=call_site elapsed_min=118.4 files_done=79 resolved=219 errors=5329 current=test/core/test/snapshot-inline.test.ts
[2026-04-12T05:56:01Z] [iter=2] HEARTBEAT target_type=call_site elapsed_min=119.6 files_done=80 resolved=221 errors=5386 current=packages/vite-node/src/client.ts
[2026-04-12T05:58:28Z] [iter=2] HEARTBEAT target_type=call_site elapsed_min=122.1 files_done=81 resolved=249 errors=5498 current=test/reporters/fixtures/default/b2.test.ts
[2026-04-12T05:58:58Z] [iter=2] HEARTBEAT target_type=call_site elapsed_min=122.6 files_done=82 resolved=249 errors=5521 current=packages/mocker/src/node/automockPlugin.ts
[2026-04-12T05:59:54Z] [iter=2] HEARTBEAT target_type=call_site elapsed_min=123.5 files_done=83 resolved=249 errors=5563 current=packages/vitest/src/node/pools/vmForks.ts
[2026-04-12T06:00:54Z] [iter=2] HEARTBEAT target_type=call_site elapsed_min=124.5 files_done=84 resolved=257 errors=5608 current=packages/browser/src/client/tester/expect/toBeChecked.ts
[2026-04-12T06:02:20Z] [iter=2] HEARTBEAT target_type=call_site elapsed_min=126.0 files_done=86 resolved=257 errors=5673 current=test/watch/test/file-watching.test.ts
[2026-04-12T06:04:53Z] [iter=2] HEARTBEAT target_type=call_site elapsed_min=128.5 files_done=87 resolved=257 errors=5790 current=test/core/test/serialize.test.ts
[2026-04-12T06:06:05Z] [iter=2] HEARTBEAT target_type=call_site elapsed_min=129.7 files_done=88 resolved=264 errors=5845 current=packages/browser/src/client/tester/context.ts
[2026-04-12T06:08:13Z] [iter=2] HEARTBEAT target_type=call_site elapsed_min=131.8 files_done=89 resolved=271 errors=5942 current=test/browser/fixtures/mocking/mocked-factory.test.ts
[2026-04-12T06:09:29Z] [iter=2] HEARTBEAT target_type=call_site elapsed_min=133.1 files_done=91 resolved=277 errors=5999 current=test/core/test/inline-snap.test.ts
[2026-04-12T06:10:27Z] [iter=2] HEARTBEAT target_type=call_site elapsed_min=134.1 files_done=92 resolved=277 errors=6043 current=test/core/test/browserAutomocker.test.ts
[2026-04-12T06:11:36Z] [iter=2] HEARTBEAT target_type=call_site elapsed_min=135.2 files_done=93 resolved=277 errors=6096 current=packages/browser/src/client/tester/locators/webdriverio.ts
[2026-04-12T06:12:41Z] [iter=2] HEARTBEAT target_type=call_site elapsed_min=136.3 files_done=94 resolved=279 errors=6145 current=test/core/test/snapshot-custom-serializer.test.ts
[2026-04-12T06:13:20Z] [iter=2] HEARTBEAT target_type=call_site elapsed_min=137.0 files_done=96 resolved=281 errors=6174 current=packages/vite-node/src/source-map-handler.ts
[2026-04-12T06:14:57Z] [iter=2] HEARTBEAT target_type=call_site elapsed_min=138.6 files_done=97 resolved=284 errors=6248 current=test/core/test/mocking/automocking.spec.ts
[2026-04-12T06:16:18Z] [iter=2] HEARTBEAT target_type=call_site elapsed_min=139.9 files_done=98 resolved=285 errors=6309 current=test/browser/test/basic.test.ts
[2026-04-12T06:17:15Z] [iter=2] HEARTBEAT target_type=call_site elapsed_min=140.9 files_done=100 resolved=286 errors=6352 current=packages/vitest/src/node/plugins/cssEnabler.ts
[2026-04-12T06:17:49Z] [iter=2] HEARTBEAT target_type=call_site elapsed_min=141.4 files_done=102 resolved=288 errors=6377 current=docs/.vitepress/blog.data.ts
[2026-04-12T06:18:38Z] [iter=2] HEARTBEAT target_type=call_site elapsed_min=142.2 files_done=104 resolved=288 errors=6414 current=packages/browser/src/node/commands/click.ts
[2026-04-12T06:19:09Z] [iter=2] HEARTBEAT target_type=call_site elapsed_min=142.8 files_done=105 resolved=288 errors=6437 current=packages/expect/src/state.ts
[2026-04-12T06:20:44Z] [iter=2] HEARTBEAT target_type=call_site elapsed_min=144.3 files_done=107 resolved=297 errors=6508 current=test/snapshots/test/indent.test.ts
[2026-04-12T06:21:19Z] [iter=2] HEARTBEAT target_type=call_site elapsed_min=144.9 files_done=109 resolved=299 errors=6535 current=test/test-utils/index.ts
[2026-04-12T06:23:05Z] [iter=2] HEARTBEAT target_type=call_site elapsed_min=146.7 files_done=110 resolved=306 errors=6615 current=packages/ui/client/composables/explorer/filter.ts
[2026-04-12T06:24:38Z] [iter=2] HEARTBEAT target_type=call_site elapsed_min=148.3 files_done=111 resolved=306 errors=6686 current=test/cli/test/fails.test.ts
[2026-04-12T06:25:48Z] [iter=2] HEARTBEAT target_type=call_site elapsed_min=149.4 files_done=112 resolved=312 errors=6738 current=test/core/test/diff.test.ts
[2026-04-12T06:28:20Z] [iter=2] HEARTBEAT target_type=call_site elapsed_min=151.9 files_done=113 resolved=321 errors=6854 current=test/config/fixtures/project/packages/project_2/base.test.ts
[2026-04-12T06:29:29Z] [iter=2] HEARTBEAT target_type=call_site elapsed_min=153.1 files_done=116 resolved=323 errors=6906 current=test/snapshots/test/fixtures/custom-serializers/custom-serializers.test.ts
[2026-04-12T06:30:09Z] [iter=2] HEARTBEAT target_type=call_site elapsed_min=153.8 files_done=119 resolved=323 errors=6936 current=packages/browser/src/client/tester/expect/toHaveFormValues.ts
[2026-04-12T06:31:26Z] [iter=2] HEARTBEAT target_type=call_site elapsed_min=155.0 files_done=121 resolved=326 errors=6994 current=packages/runner/src/run.ts
[2026-04-12T06:34:39Z] [iter=2] HEARTBEAT target_type=call_site elapsed_min=158.3 files_done=122 resolved=334 errors=7142 current=test/config/fixtures/bail/test/second.test.ts
[2026-04-12T06:35:38Z] [iter=2] HEARTBEAT target_type=call_site elapsed_min=159.2 files_done=124 resolved=339 errors=7186 current=test/core/test/sequencers.test.ts
[2026-04-12T06:37:02Z] [iter=2] HEARTBEAT target_type=call_site elapsed_min=160.7 files_done=125 resolved=339 errors=7250 current=packages/vitest/src/node/reporters/blob.ts
[2026-04-12T06:37:47Z] [iter=2] HEARTBEAT target_type=call_site elapsed_min=161.4 files_done=126 resolved=341 errors=7284 current=packages/ui/client/composables/module-graph.ts
[2026-04-12T06:38:32Z] [iter=2] HEARTBEAT target_type=call_site elapsed_min=162.2 files_done=127 resolved=344 errors=7318 current=test/reporters/fixtures/console-interleave.test.ts
[2026-04-12T06:41:35Z] [iter=2] HEARTBEAT target_type=call_site elapsed_min=165.2 files_done=129 resolved=363 errors=7457 current=test/browser/fixtures/expect-dom/toHaveSelection.test.ts
[2026-04-12T06:44:40Z] [iter=2] HEARTBEAT target_type=call_site elapsed_min=168.3 files_done=130 resolved=363 errors=7598 current=test/browser/fixtures/expect-dom/toHaveAttribute.test.ts
[2026-04-12T06:46:29Z] [iter=2] HEARTBEAT target_type=call_site elapsed_min=170.1 files_done=131 resolved=363 errors=7681 current=test/core/test/hooks.test.ts
[2026-04-12T06:48:22Z] [iter=2] HEARTBEAT target_type=call_site elapsed_min=172.0 files_done=132 resolved=363 errors=7766 current=examples/projects/packages/client/test/basic.test.tsx
[2026-04-12T06:50:23Z] [iter=2] HEARTBEAT target_type=call_site elapsed_min=174.0 files_done=134 resolved=366 errors=7858 current=packages/vite-node/src/cli.ts
[2026-04-12T06:51:51Z] [iter=2] HEARTBEAT target_type=call_site elapsed_min=175.5 files_done=135 resolved=368 errors=7925 current=packages/ui/client/components/views/ViewReport.spec.ts
[2026-04-12T06:53:40Z] [iter=2] HEARTBEAT target_type=call_site elapsed_min=177.3 files_done=136 resolved=369 errors=8008 current=test/typescript/test-d/expect-extend.test-d.ts
[2026-04-12T06:55:08Z] [iter=2] HEARTBEAT target_type=call_site elapsed_min=178.7 files_done=138 resolved=369 errors=8074 current=test/core/test/mocked-class-restore-explicit.test.ts
[2026-04-12T06:56:08Z] [iter=2] HEARTBEAT target_type=call_site elapsed_min=179.7 files_done=139 resolved=369 errors=8119 current=test/browser/fixtures/expect-dom/toHaveValue.test.ts
[2026-04-12T06:59:32Z] [iter=2] HEARTBEAT target_type=call_site elapsed_min=183.2 files_done=140 resolved=369 errors=8275 current=test/coverage-test/test/ignore-hints.test.ts
[2026-04-12T07:00:32Z] [iter=2] HEARTBEAT target_type=call_site elapsed_min=184.1 files_done=142 resolved=369 errors=8320 current=packages/vitest/src/runtime/console.ts
[2026-04-12T07:01:59Z] [iter=2] HEARTBEAT target_type=call_site elapsed_min=185.6 files_done=143 resolved=371 errors=8386 current=test/browser/fixtures/expect-dom/setup.ts
[2026-04-12T07:03:04Z] [iter=2] HEARTBEAT target_type=call_site elapsed_min=186.7 files_done=145 resolved=378 errors=8435 current=packages/ui/client/utils/task.ts
[2026-04-12T07:04:31Z] [iter=2] HEARTBEAT target_type=call_site elapsed_min=188.1 files_done=147 resolved=380 errors=8500 current=packages/vitest/src/node/reporters/junit.ts
[2026-04-12T07:06:00Z] [iter=2] HEARTBEAT target_type=call_site elapsed_min=189.6 files_done=148 resolved=391 errors=8568 current=test/core/test/vi.test-d.ts
[2026-04-12T07:06:41Z] [iter=2] HEARTBEAT target_type=call_site elapsed_min=190.3 files_done=149 resolved=391 errors=8599 current=packages/vitest/src/node/pools/forks.ts
[2026-04-12T07:07:56Z] [iter=2] HEARTBEAT target_type=call_site elapsed_min=191.5 files_done=150 resolved=406 errors=8656 current=test/core/test/mocking/virtual.test.ts
[2026-04-12T07:11:07Z] [iter=2] HEARTBEAT target_type=call_site elapsed_min=194.7 files_done=152 resolved=406 errors=8802 current=packages/vitest/src/create/browser/examples.ts
[2026-04-12T07:11:48Z] [iter=2] HEARTBEAT target_type=call_site elapsed_min=195.4 files_done=154 resolved=406 errors=8832 current=packages/vitest/globals.d.ts
[2026-04-12T07:13:43Z] [iter=2] HEARTBEAT target_type=call_site elapsed_min=197.3 files_done=157 resolved=406 errors=8919 current=test/browser/fixtures/mocking-watch/2_not-mocked-import.test.ts
[2026-04-12T07:15:27Z] [iter=2] HEARTBEAT target_type=call_site elapsed_min=199.1 files_done=160 resolved=412 errors=8997 current=test/reporters/tests/merge-reports.test.ts
[2026-04-12T07:16:53Z] [iter=2] HEARTBEAT target_type=call_site elapsed_min=200.5 files_done=161 resolved=413 errors=9062 current=test/cli/fixtures/plugin/vitest.config.ts
[2026-04-12T07:18:02Z] [iter=2] HEARTBEAT target_type=call_site elapsed_min=201.6 files_done=163 resolved=421 errors=9114 current=packages/vitest/src/typecheck/collect.ts
[2026-04-12T07:18:36Z] [iter=2] HEARTBEAT target_type=call_site elapsed_min=202.2 files_done=164 resolved=422 errors=9140 current=packages/mocker/src/browser/mocker.ts
[2026-04-12T07:19:54Z] [iter=2] HEARTBEAT target_type=call_site elapsed_min=203.5 files_done=165 resolved=425 errors=9199 current=packages/vitest/src/node/watch-filter.ts
[2026-04-12T07:20:52Z] [iter=2] HEARTBEAT target_type=call_site elapsed_min=204.5 files_done=166 resolved=427 errors=9243 current=packages/vitest/src/node/config/resolveConfig.ts
[2026-04-12T07:22:59Z] [iter=2] HEARTBEAT target_type=call_site elapsed_min=206.6 files_done=167 resolved=460 errors=9340 current=test/core/test/mocked-import-circular.test.ts
[2026-04-12T07:23:42Z] [iter=2] HEARTBEAT target_type=call_site elapsed_min=207.3 files_done=169 resolved=460 errors=9372 current=test/config/test/override.test.ts
[2026-04-12T07:26:14Z] [iter=2] HEARTBEAT target_type=call_site elapsed_min=209.9 files_done=170 resolved=460 errors=9488 current=packages/vitest/src/node/reporters/summary.ts
[2026-04-12T07:28:19Z] [iter=2] HEARTBEAT target_type=call_site elapsed_min=211.9 files_done=171 resolved=467 errors=9583 current=test/test-utils/cli.ts
[2026-04-12T07:28:50Z] [iter=2] HEARTBEAT target_type=call_site elapsed_min=212.4 files_done=172 resolved=468 errors=9606 current=test/cli/test/init.test.ts
[2026-04-12T07:29:32Z] [iter=2] HEARTBEAT target_type=call_site elapsed_min=213.1 files_done=173 resolved=468 errors=9638 current=test/core/test/named-overwrite-all.test.ts
[2026-04-12T07:31:32Z] [iter=2] HEARTBEAT target_type=call_site elapsed_min=215.1 files_done=177 resolved=469 errors=9729 current=test/core/test/modes.test.ts
[2026-04-12T07:33:07Z] [iter=2] HEARTBEAT target_type=call_site elapsed_min=216.7 files_done=178 resolved=474 errors=9801 current=test/core/test/fixture-initialization.test.ts
[2026-04-12T07:36:56Z] [iter=2] HEARTBEAT target_type=call_site elapsed_min=220.6 files_done=179 resolved=481 errors=9976 current=test/cli/test/inspect.test.ts
[2026-04-12T07:37:37Z] [iter=2] HEARTBEAT target_type=call_site elapsed_min=221.2 files_done=180 resolved=483 errors=10007 current=test/workspaces/space-pools/threads.test.ts
[2026-04-12T07:39:23Z] [iter=2] HEARTBEAT target_type=call_site elapsed_min=223.0 files_done=182 resolved=483 errors=10088 current=test/core/test/concurrent.spec.ts
[2026-04-12T07:40:07Z] [iter=2] HEARTBEAT target_type=call_site elapsed_min=223.7 files_done=184 resolved=483 errors=10122 current=test/config/fixtures/browser-custom-html/browser-basic.test.ts
[2026-04-12T07:40:42Z] [iter=2] HEARTBEAT target_type=call_site elapsed_min=224.3 files_done=186 resolved=485 errors=10147 current=test/core/test/mocked-class-restore-all.test.ts
[2026-04-12T07:41:42Z] [iter=2] HEARTBEAT target_type=call_site elapsed_min=225.3 files_done=187 resolved=485 errors=10193 current=packages/spy/src/index.ts
[2026-04-12T07:42:43Z] [iter=2] HEARTBEAT target_type=call_site elapsed_min=226.3 files_done=188 resolved=496 errors=10240 current=packages/browser/src/client/tester/utils.ts
[2026-04-12T07:43:37Z] [iter=2] HEARTBEAT target_type=call_site elapsed_min=227.2 files_done=189 resolved=505 errors=10281 current=test/cli/fixtures/git-changed/related/deep-related-imports.test.ts
[2026-04-12T07:44:15Z] [iter=2] HEARTBEAT target_type=call_site elapsed_min=227.9 files_done=191 resolved=509 errors=10309 current=packages/vitest/src/node/reporters/renderers/utils.ts
[2026-04-12T07:46:23Z] [iter=2] HEARTBEAT target_type=call_site elapsed_min=230.0 files_done=192 resolved=529 errors=10406 current=test/core/test/hooks-list.test.ts
[2026-04-12T07:46:55Z] [iter=2] HEARTBEAT target_type=call_site elapsed_min=230.5 files_done=193 resolved=530 errors=10430 current=docs/vite.config.ts
[2026-04-12T07:48:58Z] [iter=2] HEARTBEAT target_type=call_site elapsed_min=232.6 files_done=195 resolved=530 errors=10523 current=test/reporters/tests/reporters.spec.ts
[2026-04-12T07:53:15Z] [iter=2] HEARTBEAT target_type=call_site elapsed_min=236.9 files_done=196 resolved=533 errors=10719 current=test/cli/fixtures/fails/test-extend/fixture-error.test.ts
[2026-04-12T07:53:54Z] [iter=2] HEARTBEAT target_type=call_site elapsed_min=237.5 files_done=197 resolved=533 errors=10748 current=test/optimize-deps/test/web.test.ts
[2026-04-12T07:56:17Z] [iter=2] HEARTBEAT target_type=call_site elapsed_min=239.9 files_done=199 resolved=538 errors=10857 current=packages/vitest/src/runtime/runners/benchmark.ts
[2026-04-12T07:56:29Z] [iter=2] CHECKPOINT TRIGGERED elapsed_min=240.1 files_completed=270 new_files_this_iter=199 mem_mb=1076 MB
[2026-04-12T07:56:29Z] [iter=2] Writing partial enrichment graph path=/home/runner/work/forx/forx/storage/aggregate/lsp/79bcd1aa02151fe0a1761403de20077dfe3537b8.nq.gz triples=101784
[2026-04-12T07:56:31Z] [iter=2] Checkpoint written, exiting with code 7
[2026-04-12T07:56:31Z] [iter=2] PHASE END: enrich (checkpointed) elapsed_s=14406 elapsed_min=240.1 files_completed=270
